This file contains any messages produced by compilers while
running configure, to aid debugging if configure makes a mistake.

It was created by i3lock-color configure 2.12.c.1, which was
generated by GNU Autoconf 2.69.  Invocation command line was

  $ ../configure --prefix=/usr --sysconfdir=/etc --disable-sanitizers

## --------- ##
## Platform. ##
## --------- ##

hostname = loRdi-de-callum
uname -m = x86_64
uname -r = 5.4.0-26-generic
uname -s = Linux
uname -v = #30-Ubuntu SMP Mon Apr 20 16:58:30 UTC 2020

/usr/bin/uname -p = x86_64
/bin/uname -X     = unknown

/bin/arch              = x86_64
/usr/bin/arch -k       = unknown
/usr/convex/getsysinfo = unknown
/usr/bin/hostinfo      = unknown
/bin/machine           = unknown
/usr/bin/oslevel       = unknown
/bin/universe          = unknown

PATH: /usr/local/sbin
PATH: /usr/local/bin
PATH: /usr/sbin
PATH: /usr/bin
PATH: /sbin
PATH: /bin
PATH: /usr/games
PATH: /usr/local/games
PATH: /snap/bin


## ----------- ##
## Core tests. ##
## ----------- ##

configure:2379: checking build system type
configure:2393: result: x86_64-pc-linux-gnu
configure:2413: checking host system type
configure:2426: result: x86_64-pc-linux-gnu
configure:2446: checking target system type
configure:2459: result: x86_64-pc-linux-gnu
configure:2547: checking for gsed
configure:2578: result: sed
configure:2605: checking for a BSD-compatible install
configure:2673: result: /usr/bin/install -c
configure:2684: checking whether build environment is sane
configure:2739: result: yes
configure:2885: checking for a thread-safe mkdir -p
configure:2924: result: /usr/bin/mkdir -p
configure:2931: checking for gawk
configure:2947: found /usr/bin/gawk
configure:2958: result: gawk
configure:2969: checking whether make sets $(MAKE)
configure:2991: result: yes
configure:3020: checking whether make supports nested variables
configure:3037: result: yes
configure:3175: checking whether make supports nested variables
configure:3192: result: yes
configure:3206: checking whether to enable maintainer-specific portions of Makefiles
configure:3215: result: yes
configure:3242: checking for gawk
configure:3269: result: gawk
configure:3280: checking for GNU make
configure:3296: result: make
configure:3369: checking for a sed that does not truncate output
configure:3433: result: /usr/bin/sed
configure:3451: checking whether to build with code coverage support
configure:3471: result: no
configure:3834: checking whether to enable debugging
configure:3896: result: no
configure:3930: checking whether make supports the include directive
configure:3945: make -f confmf.GNU && cat confinc.out
this is the am__doit target
configure:3948: $? = 0
configure:3967: result: yes (GNU style)
configure:4037: checking for gcc
configure:4053: found /usr/bin/gcc
configure:4064: result: gcc
configure:4293: checking for C compiler version
configure:4302: gcc --version >&5
gcc (Ubuntu 9.3.0-10ubuntu2) 9.3.0
Copyright (C) 2019 Free Software Foundation, Inc.
This is free software; see the source for copying conditions.  There is NO
warranty; not even for MERCHANTABILITY or FITNESS FOR A PARTICULAR PURPOSE.

configure:4313: $? = 0
configure:4302: gcc -v >&5
Using built-in specs.
COLLECT_GCC=gcc
COLLECT_LTO_WRAPPER=/usr/lib/gcc/x86_64-linux-gnu/9/lto-wrapper
OFFLOAD_TARGET_NAMES=nvptx-none:hsa
OFFLOAD_TARGET_DEFAULT=1
Target: x86_64-linux-gnu
Configured with: ../src/configure -v --with-pkgversion='Ubuntu 9.3.0-10ubuntu2' --with-bugurl=file:///usr/share/doc/gcc-9/README.Bugs --enable-languages=c,ada,c++,go,brig,d,fortran,objc,obj-c++,gm2 --prefix=/usr --with-gcc-major-version-only --program-suffix=-9 --program-prefix=x86_64-linux-gnu- --enable-shared --enable-linker-build-id --libexecdir=/usr/lib --without-included-gettext --enable-threads=posix --libdir=/usr/lib --enable-nls --enable-clocale=gnu --enable-libstdcxx-debug --enable-libstdcxx-time=yes --with-default-libstdcxx-abi=new --enable-gnu-unique-object --disable-vtable-verify --enable-plugin --enable-default-pie --with-system-zlib --with-target-system-zlib=auto --enable-objc-gc=auto --enable-multiarch --disable-werror --with-arch-32=i686 --with-abi=m64 --with-multilib-list=m32,m64,mx32 --enable-multilib --with-tune=generic --enable-offload-targets=nvptx-none,hsa --without-cuda-driver --enable-checking=release --build=x86_64-linux-gnu --host=x86_64-linux-gnu --target=x86_64-linux-gnu
Thread model: posix
gcc version 9.3.0 (Ubuntu 9.3.0-10ubuntu2) 
configure:4313: $? = 0
configure:4302: gcc -V >&5
gcc: error: unrecognized command line option '-V'
gcc: fatal error: no input files
compilation terminated.
configure:4313: $? = 1
configure:4302: gcc -qversion >&5
gcc: error: unrecognized command line option '-qversion'; did you mean '--version'?
gcc: fatal error: no input files
compilation terminated.
configure:4313: $? = 1
configure:4333: checking whether the C compiler works
configure:4355: gcc    conftest.c  >&5
configure:4359: $? = 0
configure:4407: result: yes
configure:4410: checking for C compiler default output file name
configure:4412: result: a.out
configure:4418: checking for suffix of executables
configure:4425: gcc -o conftest    conftest.c  >&5
configure:4429: $? = 0
configure:4451: result: 
configure:4473: checking whether we are cross compiling
configure:4481: gcc -o conftest    conftest.c  >&5
configure:4485: $? = 0
configure:4492: ./conftest
configure:4496: $? = 0
configure:4484: result: no
configure:4489: checking for suffix of object files
configure:4511: gcc -c   conftest.c >&5
configure:4515: $? = 0
configure:4536: result: o
configure:4540: checking whether we are using the GNU C compiler
configure:4559: gcc -c   conftest.c >&5
configure:4559: $? = 0
configure:4568: result: yes
configure:4577: checking whether gcc accepts -g
configure:4597: gcc -c -g  conftest.c >&5
configure:4597: $? = 0
configure:4638: result: yes
configure:4655: checking for gcc option to accept ISO C89
configure:4718: gcc  -c   conftest.c >&5
configure:4718: $? = 0
configure:4731: result: none needed
configure:4756: checking whether gcc understands -c and -o together
configure:4778: gcc -c conftest.c -o conftest2.o
configure:4781: $? = 0
configure:4778: gcc -c conftest.c -o conftest2.o
configure:4781: $? = 0
configure:4793: result: yes
configure:4812: checking dependency style of gcc
configure:4923: result: gcc3
configure:4938: checking for gcc option to accept ISO C99
configure:5087: gcc  -c   conftest.c >&5
configure:5087: $? = 0
configure:5100: result: none needed
configure:5123: checking how to run the C preprocessor
configure:5154: gcc -E  conftest.c
configure:5154: $? = 0
configure:5168: gcc -E  conftest.c
conftest.c:13:10: fatal error: ac_nonexistent.h: No such file or directory
   13 | #include <ac_nonexistent.h>
      |          ^~~~~~~~~~~~~~~~~~
compilation terminated.
configure:5168: $? = 1
configure: failed program was:
| /* confdefs.h */
| #define PACKAGE_NAME "i3lock-color"
| #define PACKAGE_TARNAME "i3lock-color"
| #define PACKAGE_VERSION "2.12.c.1"
| #define PACKAGE_STRING "i3lock-color 2.12.c.1"
| #define PACKAGE_BUGREPORT "https://github.com/Raymo11/i3lock-color/issues"
| #define PACKAGE_URL ""
| #define PACKAGE "i3lock-color"
| #define VERSION "2.12.c.1"
| #define I3LOCK_VERSION "2.12.c.2 (2020-04-18)"
| #define UNUSED_NDEBUG /**/
| /* end confdefs.h.  */
| #include <ac_nonexistent.h>
configure:5193: result: gcc -E
configure:5213: gcc -E  conftest.c
configure:5213: $? = 0
configure:5227: gcc -E  conftest.c
conftest.c:13:10: fatal error: ac_nonexistent.h: No such file or directory
   13 | #include <ac_nonexistent.h>
      |          ^~~~~~~~~~~~~~~~~~
compilation terminated.
configure:5227: $? = 1
configure: failed program was:
| /* confdefs.h */
| #define PACKAGE_NAME "i3lock-color"
| #define PACKAGE_TARNAME "i3lock-color"
| #define PACKAGE_VERSION "2.12.c.1"
| #define PACKAGE_STRING "i3lock-color 2.12.c.1"
| #define PACKAGE_BUGREPORT "https://github.com/Raymo11/i3lock-color/issues"
| #define PACKAGE_URL ""
| #define PACKAGE "i3lock-color"
| #define VERSION "2.12.c.1"
| #define I3LOCK_VERSION "2.12.c.2 (2020-04-18)"
| #define UNUSED_NDEBUG /**/
| /* end confdefs.h.  */
| #include <ac_nonexistent.h>
configure:5256: checking for grep that handles long lines and -e
configure:5314: result: /usr/bin/grep
configure:5319: checking for egrep
configure:5381: result: /usr/bin/grep -E
configure:5386: checking for ANSI C header files
configure:5406: gcc -c   conftest.c >&5
configure:5406: $? = 0
configure:5479: gcc -o conftest    conftest.c  >&5
configure:5479: $? = 0
configure:5479: ./conftest
configure:5479: $? = 0
configure:5490: result: yes
configure:5503: checking for sys/types.h
configure:5503: gcc -c   conftest.c >&5
configure:5503: $? = 0
configure:5503: result: yes
configure:5503: checking for sys/stat.h
configure:5503: gcc -c   conftest.c >&5
configure:5503: $? = 0
configure:5503: result: yes
configure:5503: checking for stdlib.h
configure:5503: gcc -c   conftest.c >&5
configure:5503: $? = 0
configure:5503: result: yes
configure:5503: checking for string.h
configure:5503: gcc -c   conftest.c >&5
configure:5503: $? = 0
configure:5503: result: yes
configure:5503: checking for memory.h
configure:5503: gcc -c   conftest.c >&5
configure:5503: $? = 0
configure:5503: result: yes
configure:5503: checking for strings.h
configure:5503: gcc -c   conftest.c >&5
configure:5503: $? = 0
configure:5503: result: yes
configure:5503: checking for inttypes.h
configure:5503: gcc -c   conftest.c >&5
configure:5503: $? = 0
configure:5503: result: yes
configure:5503: checking for stdint.h
configure:5503: gcc -c   conftest.c >&5
configure:5503: $? = 0
configure:5503: result: yes
configure:5503: checking for unistd.h
configure:5503: gcc -c   conftest.c >&5
configure:5503: $? = 0
configure:5503: result: yes
configure:5516: checking minix/config.h usability
configure:5516: gcc -c   conftest.c >&5
conftest.c:56:10: fatal error: minix/config.h: No such file or directory
   56 | #include <minix/config.h>
      |          ^~~~~~~~~~~~~~~~
compilation terminated.
configure:5516: $? = 1
configure: failed program was:
| /* confdefs.h */
| #define PACKAGE_NAME "i3lock-color"
| #define PACKAGE_TARNAME "i3lock-color"
| #define PACKAGE_VERSION "2.12.c.1"
| #define PACKAGE_STRING "i3lock-color 2.12.c.1"
| #define PACKAGE_BUGREPORT "https://github.com/Raymo11/i3lock-color/issues"
| #define PACKAGE_URL ""
| #define PACKAGE "i3lock-color"
| #define VERSION "2.12.c.1"
| #define I3LOCK_VERSION "2.12.c.2 (2020-04-18)"
| #define UNUSED_NDEBUG /**/
| #define STDC_HEADERS 1
| #define HAVE_SYS_TYPES_H 1
| #define HAVE_SYS_STAT_H 1
| #define HAVE_STDLIB_H 1
| #define HAVE_STRING_H 1
| #define HAVE_MEMORY_H 1
| #define HAVE_STRINGS_H 1
| #define HAVE_INTTYPES_H 1
| #define HAVE_STDINT_H 1
| #define HAVE_UNISTD_H 1
| /* end confdefs.h.  */
| #include <stdio.h>
| #ifdef HAVE_SYS_TYPES_H
| # include <sys/types.h>
| #endif
| #ifdef HAVE_SYS_STAT_H
| # include <sys/stat.h>
| #endif
| #ifdef STDC_HEADERS
| # include <stdlib.h>
| # include <stddef.h>
| #else
| # ifdef HAVE_STDLIB_H
| #  include <stdlib.h>
| # endif
| #endif
| #ifdef HAVE_STRING_H
| # if !defined STDC_HEADERS && defined HAVE_MEMORY_H
| #  include <memory.h>
| # endif
| # include <string.h>
| #endif
| #ifdef HAVE_STRINGS_H
| # include <strings.h>
| #endif
| #ifdef HAVE_INTTYPES_H
| # include <inttypes.h>
| #endif
| #ifdef HAVE_STDINT_H
| # include <stdint.h>
| #endif
| #ifdef HAVE_UNISTD_H
| # include <unistd.h>
| #endif
| #include <minix/config.h>
configure:5516: result: no
configure:5516: checking minix/config.h presence
configure:5516: gcc -E  conftest.c
conftest.c:23:10: fatal error: minix/config.h: No such file or directory
   23 | #include <minix/config.h>
      |          ^~~~~~~~~~~~~~~~
compilation terminated.
configure:5516: $? = 1
configure: failed program was:
| /* confdefs.h */
| #define PACKAGE_NAME "i3lock-color"
| #define PACKAGE_TARNAME "i3lock-color"
| #define PACKAGE_VERSION "2.12.c.1"
| #define PACKAGE_STRING "i3lock-color 2.12.c.1"
| #define PACKAGE_BUGREPORT "https://github.com/Raymo11/i3lock-color/issues"
| #define PACKAGE_URL ""
| #define PACKAGE "i3lock-color"
| #define VERSION "2.12.c.1"
| #define I3LOCK_VERSION "2.12.c.2 (2020-04-18)"
| #define UNUSED_NDEBUG /**/
| #define STDC_HEADERS 1
| #define HAVE_SYS_TYPES_H 1
| #define HAVE_SYS_STAT_H 1
| #define HAVE_STDLIB_H 1
| #define HAVE_STRING_H 1
| #define HAVE_MEMORY_H 1
| #define HAVE_STRINGS_H 1
| #define HAVE_INTTYPES_H 1
| #define HAVE_STDINT_H 1
| #define HAVE_UNISTD_H 1
| /* end confdefs.h.  */
| #include <minix/config.h>
configure:5516: result: no
configure:5516: checking for minix/config.h
configure:5516: result: no
configure:5537: checking whether it is safe to define __EXTENSIONS__
configure:5555: gcc -c   conftest.c >&5
configure:5555: $? = 0
configure:5562: result: yes
configure:5578: checking for stdbool.h that conforms to C99
configure:5645: gcc -c   conftest.c >&5
configure:5645: $? = 0
configure:5652: result: yes
configure:5654: checking for _Bool
configure:5654: gcc -c   conftest.c >&5
configure:5654: $? = 0
configure:5654: gcc -c   conftest.c >&5
conftest.c: In function 'main':
conftest.c:64:20: error: expected expression before ')' token
   64 | if (sizeof ((_Bool)))
      |                    ^
configure:5654: $? = 1
configure: failed program was:
| /* confdefs.h */
| #define PACKAGE_NAME "i3lock-color"
| #define PACKAGE_TARNAME "i3lock-color"
| #define PACKAGE_VERSION "2.12.c.1"
| #define PACKAGE_STRING "i3lock-color 2.12.c.1"
| #define PACKAGE_BUGREPORT "https://github.com/Raymo11/i3lock-color/issues"
| #define PACKAGE_URL ""
| #define PACKAGE "i3lock-color"
| #define VERSION "2.12.c.1"
| #define I3LOCK_VERSION "2.12.c.2 (2020-04-18)"
| #define UNUSED_NDEBUG /**/
| #define STDC_HEADERS 1
| #define HAVE_SYS_TYPES_H 1
| #define HAVE_SYS_STAT_H 1
| #define HAVE_STDLIB_H 1
| #define HAVE_STRING_H 1
| #define HAVE_MEMORY_H 1
| #define HAVE_STRINGS_H 1
| #define HAVE_INTTYPES_H 1
| #define HAVE_STDINT_H 1
| #define HAVE_UNISTD_H 1
| #define __EXTENSIONS__ 1
| #define _ALL_SOURCE 1
| #define _GNU_SOURCE 1
| #define _POSIX_PTHREAD_SEMANTICS 1
| #define _TANDEM_SOURCE 1
| /* end confdefs.h.  */
| #include <stdio.h>
| #ifdef HAVE_SYS_TYPES_H
| # include <sys/types.h>
| #endif
| #ifdef HAVE_SYS_STAT_H
| # include <sys/stat.h>
| #endif
| #ifdef STDC_HEADERS
| # include <stdlib.h>
| # include <stddef.h>
| #else
| # ifdef HAVE_STDLIB_H
| #  include <stdlib.h>
| # endif
| #endif
| #ifdef HAVE_STRING_H
| # if !defined STDC_HEADERS && defined HAVE_MEMORY_H
| #  include <memory.h>
| # endif
| # include <string.h>
| #endif
| #ifdef HAVE_STRINGS_H
| # include <strings.h>
| #endif
| #ifdef HAVE_INTTYPES_H
| # include <inttypes.h>
| #endif
| #ifdef HAVE_STDINT_H
| # include <stdint.h>
| #endif
| #ifdef HAVE_UNISTD_H
| # include <unistd.h>
| #endif
| int
| main ()
| {
| if (sizeof ((_Bool)))
| 	    return 0;
|   ;
|   return 0;
| }
configure:5654: result: yes
configure:5665: checking for mode_t
configure:5665: gcc -c   conftest.c >&5
configure:5665: $? = 0
configure:5665: gcc -c   conftest.c >&5
conftest.c: In function 'main':
conftest.c:65:21: error: expected expression before ')' token
   65 | if (sizeof ((mode_t)))
      |                     ^
configure:5665: $? = 1
configure: failed program was:
| /* confdefs.h */
| #define PACKAGE_NAME "i3lock-color"
| #define PACKAGE_TARNAME "i3lock-color"
| #define PACKAGE_VERSION "2.12.c.1"
| #define PACKAGE_STRING "i3lock-color 2.12.c.1"
| #define PACKAGE_BUGREPORT "https://github.com/Raymo11/i3lock-color/issues"
| #define PACKAGE_URL ""
| #define PACKAGE "i3lock-color"
| #define VERSION "2.12.c.1"
| #define I3LOCK_VERSION "2.12.c.2 (2020-04-18)"
| #define UNUSED_NDEBUG /**/
| #define STDC_HEADERS 1
| #define HAVE_SYS_TYPES_H 1
| #define HAVE_SYS_STAT_H 1
| #define HAVE_STDLIB_H 1
| #define HAVE_STRING_H 1
| #define HAVE_MEMORY_H 1
| #define HAVE_STRINGS_H 1
| #define HAVE_INTTYPES_H 1
| #define HAVE_STDINT_H 1
| #define HAVE_UNISTD_H 1
| #define __EXTENSIONS__ 1
| #define _ALL_SOURCE 1
| #define _GNU_SOURCE 1
| #define _POSIX_PTHREAD_SEMANTICS 1
| #define _TANDEM_SOURCE 1
| #define HAVE__BOOL 1
| /* end confdefs.h.  */
| #include <stdio.h>
| #ifdef HAVE_SYS_TYPES_H
| # include <sys/types.h>
| #endif
| #ifdef HAVE_SYS_STAT_H
| # include <sys/stat.h>
| #endif
| #ifdef STDC_HEADERS
| # include <stdlib.h>
| # include <stddef.h>
| #else
| # ifdef HAVE_STDLIB_H
| #  include <stdlib.h>
| # endif
| #endif
| #ifdef HAVE_STRING_H
| # if !defined STDC_HEADERS && defined HAVE_MEMORY_H
| #  include <memory.h>
| # endif
| # include <string.h>
| #endif
| #ifdef HAVE_STRINGS_H
| # include <strings.h>
| #endif
| #ifdef HAVE_INTTYPES_H
| # include <inttypes.h>
| #endif
| #ifdef HAVE_STDINT_H
| # include <stdint.h>
| #endif
| #ifdef HAVE_UNISTD_H
| # include <unistd.h>
| #endif
| int
| main ()
| {
| if (sizeof ((mode_t)))
| 	    return 0;
|   ;
|   return 0;
| }
configure:5665: result: yes
configure:5679: checking for off_t
configure:5679: gcc -c   conftest.c >&5
configure:5679: $? = 0
configure:5679: gcc -c   conftest.c >&5
conftest.c: In function 'main':
conftest.c:66:20: error: expected expression before ')' token
   66 | if (sizeof ((off_t)))
      |                    ^
configure:5679: $? = 1
configure: failed program was:
| /* confdefs.h */
| #define PACKAGE_NAME "i3lock-color"
| #define PACKAGE_TARNAME "i3lock-color"
| #define PACKAGE_VERSION "2.12.c.1"
| #define PACKAGE_STRING "i3lock-color 2.12.c.1"
| #define PACKAGE_BUGREPORT "https://github.com/Raymo11/i3lock-color/issues"
| #define PACKAGE_URL ""
| #define PACKAGE "i3lock-color"
| #define VERSION "2.12.c.1"
| #define I3LOCK_VERSION "2.12.c.2 (2020-04-18)"
| #define UNUSED_NDEBUG /**/
| #define STDC_HEADERS 1
| #define HAVE_SYS_TYPES_H 1
| #define HAVE_SYS_STAT_H 1
| #define HAVE_STDLIB_H 1
| #define HAVE_STRING_H 1
| #define HAVE_MEMORY_H 1
| #define HAVE_STRINGS_H 1
| #define HAVE_INTTYPES_H 1
| #define HAVE_STDINT_H 1
| #define HAVE_UNISTD_H 1
| #define __EXTENSIONS__ 1
| #define _ALL_SOURCE 1
| #define _GNU_SOURCE 1
| #define _POSIX_PTHREAD_SEMANTICS 1
| #define _TANDEM_SOURCE 1
| #define HAVE__BOOL 1
| #define HAVE_MODE_T 1
| /* end confdefs.h.  */
| #include <stdio.h>
| #ifdef HAVE_SYS_TYPES_H
| # include <sys/types.h>
| #endif
| #ifdef HAVE_SYS_STAT_H
| # include <sys/stat.h>
| #endif
| #ifdef STDC_HEADERS
| # include <stdlib.h>
| # include <stddef.h>
| #else
| # ifdef HAVE_STDLIB_H
| #  include <stdlib.h>
| # endif
| #endif
| #ifdef HAVE_STRING_H
| # if !defined STDC_HEADERS && defined HAVE_MEMORY_H
| #  include <memory.h>
| # endif
| # include <string.h>
| #endif
| #ifdef HAVE_STRINGS_H
| # include <strings.h>
| #endif
| #ifdef HAVE_INTTYPES_H
| # include <inttypes.h>
| #endif
| #ifdef HAVE_STDINT_H
| # include <stdint.h>
| #endif
| #ifdef HAVE_UNISTD_H
| # include <unistd.h>
| #endif
| int
| main ()
| {
| if (sizeof ((off_t)))
| 	    return 0;
|   ;
|   return 0;
| }
configure:5679: result: yes
configure:5693: checking for pid_t
configure:5693: gcc -c   conftest.c >&5
configure:5693: $? = 0
configure:5693: gcc -c   conftest.c >&5
conftest.c: In function 'main':
conftest.c:67:20: error: expected expression before ')' token
   67 | if (sizeof ((pid_t)))
      |                    ^
configure:5693: $? = 1
configure: failed program was:
| /* confdefs.h */
| #define PACKAGE_NAME "i3lock-color"
| #define PACKAGE_TARNAME "i3lock-color"
| #define PACKAGE_VERSION "2.12.c.1"
| #define PACKAGE_STRING "i3lock-color 2.12.c.1"
| #define PACKAGE_BUGREPORT "https://github.com/Raymo11/i3lock-color/issues"
| #define PACKAGE_URL ""
| #define PACKAGE "i3lock-color"
| #define VERSION "2.12.c.1"
| #define I3LOCK_VERSION "2.12.c.2 (2020-04-18)"
| #define UNUSED_NDEBUG /**/
| #define STDC_HEADERS 1
| #define HAVE_SYS_TYPES_H 1
| #define HAVE_SYS_STAT_H 1
| #define HAVE_STDLIB_H 1
| #define HAVE_STRING_H 1
| #define HAVE_MEMORY_H 1
| #define HAVE_STRINGS_H 1
| #define HAVE_INTTYPES_H 1
| #define HAVE_STDINT_H 1
| #define HAVE_UNISTD_H 1
| #define __EXTENSIONS__ 1
| #define _ALL_SOURCE 1
| #define _GNU_SOURCE 1
| #define _POSIX_PTHREAD_SEMANTICS 1
| #define _TANDEM_SOURCE 1
| #define HAVE__BOOL 1
| #define HAVE_MODE_T 1
| #define HAVE_OFF_T 1
| /* end confdefs.h.  */
| #include <stdio.h>
| #ifdef HAVE_SYS_TYPES_H
| # include <sys/types.h>
| #endif
| #ifdef HAVE_SYS_STAT_H
| # include <sys/stat.h>
| #endif
| #ifdef STDC_HEADERS
| # include <stdlib.h>
| # include <stddef.h>
| #else
| # ifdef HAVE_STDLIB_H
| #  include <stdlib.h>
| # endif
| #endif
| #ifdef HAVE_STRING_H
| # if !defined STDC_HEADERS && defined HAVE_MEMORY_H
| #  include <memory.h>
| # endif
| # include <string.h>
| #endif
| #ifdef HAVE_STRINGS_H
| # include <strings.h>
| #endif
| #ifdef HAVE_INTTYPES_H
| # include <inttypes.h>
| #endif
| #ifdef HAVE_STDINT_H
| # include <stdint.h>
| #endif
| #ifdef HAVE_UNISTD_H
| # include <unistd.h>
| #endif
| int
| main ()
| {
| if (sizeof ((pid_t)))
| 	    return 0;
|   ;
|   return 0;
| }
configure:5693: result: yes
configure:5707: checking for size_t
configure:5707: gcc -c   conftest.c >&5
configure:5707: $? = 0
configure:5707: gcc -c   conftest.c >&5
conftest.c: In function 'main':
conftest.c:68:21: error: expected expression before ')' token
   68 | if (sizeof ((size_t)))
      |                     ^
configure:5707: $? = 1
configure: failed program was:
| /* confdefs.h */
| #define PACKAGE_NAME "i3lock-color"
| #define PACKAGE_TARNAME "i3lock-color"
| #define PACKAGE_VERSION "2.12.c.1"
| #define PACKAGE_STRING "i3lock-color 2.12.c.1"
| #define PACKAGE_BUGREPORT "https://github.com/Raymo11/i3lock-color/issues"
| #define PACKAGE_URL ""
| #define PACKAGE "i3lock-color"
| #define VERSION "2.12.c.1"
| #define I3LOCK_VERSION "2.12.c.2 (2020-04-18)"
| #define UNUSED_NDEBUG /**/
| #define STDC_HEADERS 1
| #define HAVE_SYS_TYPES_H 1
| #define HAVE_SYS_STAT_H 1
| #define HAVE_STDLIB_H 1
| #define HAVE_STRING_H 1
| #define HAVE_MEMORY_H 1
| #define HAVE_STRINGS_H 1
| #define HAVE_INTTYPES_H 1
| #define HAVE_STDINT_H 1
| #define HAVE_UNISTD_H 1
| #define __EXTENSIONS__ 1
| #define _ALL_SOURCE 1
| #define _GNU_SOURCE 1
| #define _POSIX_PTHREAD_SEMANTICS 1
| #define _TANDEM_SOURCE 1
| #define HAVE__BOOL 1
| #define HAVE_MODE_T 1
| #define HAVE_OFF_T 1
| #define HAVE_PID_T 1
| /* end confdefs.h.  */
| #include <stdio.h>
| #ifdef HAVE_SYS_TYPES_H
| # include <sys/types.h>
| #endif
| #ifdef HAVE_SYS_STAT_H
| # include <sys/stat.h>
| #endif
| #ifdef STDC_HEADERS
| # include <stdlib.h>
| # include <stddef.h>
| #else
| # ifdef HAVE_STDLIB_H
| #  include <stdlib.h>
| # endif
| #endif
| #ifdef HAVE_STRING_H
| # if !defined STDC_HEADERS && defined HAVE_MEMORY_H
| #  include <memory.h>
| # endif
| # include <string.h>
| #endif
| #ifdef HAVE_STRINGS_H
| # include <strings.h>
| #endif
| #ifdef HAVE_INTTYPES_H
| # include <inttypes.h>
| #endif
| #ifdef HAVE_STDINT_H
| # include <stdint.h>
| #endif
| #ifdef HAVE_UNISTD_H
| # include <unistd.h>
| #endif
| int
| main ()
| {
| if (sizeof ((size_t)))
| 	    return 0;
|   ;
|   return 0;
| }
configure:5707: result: yes
configure:5721: checking for ssize_t
configure:5721: gcc -c   conftest.c >&5
configure:5721: $? = 0
configure:5721: gcc -c   conftest.c >&5
conftest.c: In function 'main':
conftest.c:69:22: error: expected expression before ')' token
   69 | if (sizeof ((ssize_t)))
      |                      ^
configure:5721: $? = 1
configure: failed program was:
| /* confdefs.h */
| #define PACKAGE_NAME "i3lock-color"
| #define PACKAGE_TARNAME "i3lock-color"
| #define PACKAGE_VERSION "2.12.c.1"
| #define PACKAGE_STRING "i3lock-color 2.12.c.1"
| #define PACKAGE_BUGREPORT "https://github.com/Raymo11/i3lock-color/issues"
| #define PACKAGE_URL ""
| #define PACKAGE "i3lock-color"
| #define VERSION "2.12.c.1"
| #define I3LOCK_VERSION "2.12.c.2 (2020-04-18)"
| #define UNUSED_NDEBUG /**/
| #define STDC_HEADERS 1
| #define HAVE_SYS_TYPES_H 1
| #define HAVE_SYS_STAT_H 1
| #define HAVE_STDLIB_H 1
| #define HAVE_STRING_H 1
| #define HAVE_MEMORY_H 1
| #define HAVE_STRINGS_H 1
| #define HAVE_INTTYPES_H 1
| #define HAVE_STDINT_H 1
| #define HAVE_UNISTD_H 1
| #define __EXTENSIONS__ 1
| #define _ALL_SOURCE 1
| #define _GNU_SOURCE 1
| #define _POSIX_PTHREAD_SEMANTICS 1
| #define _TANDEM_SOURCE 1
| #define HAVE__BOOL 1
| #define HAVE_MODE_T 1
| #define HAVE_OFF_T 1
| #define HAVE_PID_T 1
| #define HAVE_SIZE_T 1
| /* end confdefs.h.  */
| #include <stdio.h>
| #ifdef HAVE_SYS_TYPES_H
| # include <sys/types.h>
| #endif
| #ifdef HAVE_SYS_STAT_H
| # include <sys/stat.h>
| #endif
| #ifdef STDC_HEADERS
| # include <stdlib.h>
| # include <stddef.h>
| #else
| # ifdef HAVE_STDLIB_H
| #  include <stdlib.h>
| # endif
| #endif
| #ifdef HAVE_STRING_H
| # if !defined STDC_HEADERS && defined HAVE_MEMORY_H
| #  include <memory.h>
| # endif
| # include <string.h>
| #endif
| #ifdef HAVE_STRINGS_H
| # include <strings.h>
| #endif
| #ifdef HAVE_INTTYPES_H
| # include <inttypes.h>
| #endif
| #ifdef HAVE_STDINT_H
| # include <stdint.h>
| #endif
| #ifdef HAVE_UNISTD_H
| # include <unistd.h>
| #endif
| int
| main ()
| {
| if (sizeof ((ssize_t)))
| 	    return 0;
|   ;
|   return 0;
| }
configure:5721: result: yes
configure:5738: checking for pid_t
configure:5738: result: yes
configure:5751: checking vfork.h usability
configure:5751: gcc -c   conftest.c >&5
conftest.c:67:10: fatal error: vfork.h: No such file or directory
   67 | #include <vfork.h>
      |          ^~~~~~~~~
compilation terminated.
configure:5751: $? = 1
configure: failed program was:
| /* confdefs.h */
| #define PACKAGE_NAME "i3lock-color"
| #define PACKAGE_TARNAME "i3lock-color"
| #define PACKAGE_VERSION "2.12.c.1"
| #define PACKAGE_STRING "i3lock-color 2.12.c.1"
| #define PACKAGE_BUGREPORT "https://github.com/Raymo11/i3lock-color/issues"
| #define PACKAGE_URL ""
| #define PACKAGE "i3lock-color"
| #define VERSION "2.12.c.1"
| #define I3LOCK_VERSION "2.12.c.2 (2020-04-18)"
| #define UNUSED_NDEBUG /**/
| #define STDC_HEADERS 1
| #define HAVE_SYS_TYPES_H 1
| #define HAVE_SYS_STAT_H 1
| #define HAVE_STDLIB_H 1
| #define HAVE_STRING_H 1
| #define HAVE_MEMORY_H 1
| #define HAVE_STRINGS_H 1
| #define HAVE_INTTYPES_H 1
| #define HAVE_STDINT_H 1
| #define HAVE_UNISTD_H 1
| #define __EXTENSIONS__ 1
| #define _ALL_SOURCE 1
| #define _GNU_SOURCE 1
| #define _POSIX_PTHREAD_SEMANTICS 1
| #define _TANDEM_SOURCE 1
| #define HAVE__BOOL 1
| #define HAVE_MODE_T 1
| #define HAVE_OFF_T 1
| #define HAVE_PID_T 1
| #define HAVE_SIZE_T 1
| #define HAVE_SSIZE_T 1
| /* end confdefs.h.  */
| #include <stdio.h>
| #ifdef HAVE_SYS_TYPES_H
| # include <sys/types.h>
| #endif
| #ifdef HAVE_SYS_STAT_H
| # include <sys/stat.h>
| #endif
| #ifdef STDC_HEADERS
| # include <stdlib.h>
| # include <stddef.h>
| #else
| # ifdef HAVE_STDLIB_H
| #  include <stdlib.h>
| # endif
| #endif
| #ifdef HAVE_STRING_H
| # if !defined STDC_HEADERS && defined HAVE_MEMORY_H
| #  include <memory.h>
| # endif
| # include <string.h>
| #endif
| #ifdef HAVE_STRINGS_H
| # include <strings.h>
| #endif
| #ifdef HAVE_INTTYPES_H
| # include <inttypes.h>
| #endif
| #ifdef HAVE_STDINT_H
| # include <stdint.h>
| #endif
| #ifdef HAVE_UNISTD_H
| # include <unistd.h>
| #endif
| #include <vfork.h>
configure:5751: result: no
configure:5751: checking vfork.h presence
configure:5751: gcc -E  conftest.c
conftest.c:34:10: fatal error: vfork.h: No such file or directory
   34 | #include <vfork.h>
      |          ^~~~~~~~~
compilation terminated.
configure:5751: $? = 1
configure: failed program was:
| /* confdefs.h */
| #define PACKAGE_NAME "i3lock-color"
| #define PACKAGE_TARNAME "i3lock-color"
| #define PACKAGE_VERSION "2.12.c.1"
| #define PACKAGE_STRING "i3lock-color 2.12.c.1"
| #define PACKAGE_BUGREPORT "https://github.com/Raymo11/i3lock-color/issues"
| #define PACKAGE_URL ""
| #define PACKAGE "i3lock-color"
| #define VERSION "2.12.c.1"
| #define I3LOCK_VERSION "2.12.c.2 (2020-04-18)"
| #define UNUSED_NDEBUG /**/
| #define STDC_HEADERS 1
| #define HAVE_SYS_TYPES_H 1
| #define HAVE_SYS_STAT_H 1
| #define HAVE_STDLIB_H 1
| #define HAVE_STRING_H 1
| #define HAVE_MEMORY_H 1
| #define HAVE_STRINGS_H 1
| #define HAVE_INTTYPES_H 1
| #define HAVE_STDINT_H 1
| #define HAVE_UNISTD_H 1
| #define __EXTENSIONS__ 1
| #define _ALL_SOURCE 1
| #define _GNU_SOURCE 1
| #define _POSIX_PTHREAD_SEMANTICS 1
| #define _TANDEM_SOURCE 1
| #define HAVE__BOOL 1
| #define HAVE_MODE_T 1
| #define HAVE_OFF_T 1
| #define HAVE_PID_T 1
| #define HAVE_SIZE_T 1
| #define HAVE_SSIZE_T 1
| /* end confdefs.h.  */
| #include <vfork.h>
configure:5751: result: no
configure:5751: checking for vfork.h
configure:5751: result: no
configure:5764: checking for fork
configure:5764: gcc -o conftest    conftest.c  >&5
conftest.c:57:6: warning: conflicting types for built-in function 'fork'; expected 'int(void)' [-Wbuiltin-declaration-mismatch]
   57 | char fork ();
      |      ^~~~
configure:5764: $? = 0
configure:5764: result: yes
configure:5764: checking for vfork
configure:5764: gcc -o conftest    conftest.c  >&5
configure:5764: $? = 0
configure:5764: result: yes
configure:5774: checking for working fork
configure:5796: gcc -o conftest    conftest.c  >&5
configure:5796: $? = 0
configure:5796: ./conftest
configure:5796: $? = 0
configure:5806: result: yes
configure:5827: checking for working vfork
configure:5937: result: yes
configure:5962: checking whether lstat correctly handles trailing slash
configure:5988: gcc -o conftest    conftest.c  >&5
configure:5988: $? = 0
configure:5988: ./conftest
configure:5988: $? = 0
configure:6005: result: yes
configure:6024: checking for working strnlen
configure:6062: gcc -o conftest    conftest.c  >&5
configure:6062: $? = 0
configure:6062: ./conftest
configure:6062: $? = 0
configure:6072: result: yes
configure:6084: checking for atexit
configure:6084: gcc -o conftest    conftest.c  >&5
configure:6084: $? = 0
configure:6084: result: yes
configure:6084: checking for dup2
configure:6084: gcc -o conftest    conftest.c  >&5
configure:6084: $? = 0
configure:6084: result: yes
configure:6084: checking for ftruncate
configure:6084: gcc -o conftest    conftest.c  >&5
configure:6084: $? = 0
configure:6084: result: yes
configure:6084: checking for getcwd
configure:6084: gcc -o conftest    conftest.c  >&5
configure:6084: $? = 0
configure:6084: result: yes
configure:6084: checking for gettimeofday
configure:6084: gcc -o conftest    conftest.c  >&5
configure:6084: $? = 0
configure:6084: result: yes
configure:6084: checking for localtime_r
configure:6084: gcc -o conftest    conftest.c  >&5
configure:6084: $? = 0
configure:6084: result: yes
configure:6084: checking for memchr
configure:6084: gcc -o conftest    conftest.c  >&5
conftest.c:68:6: warning: conflicting types for built-in function 'memchr'; expected 'void *(const void *, int,  long unsigned int)' [-Wbuiltin-declaration-mismatch]
   68 | char memchr ();
      |      ^~~~~~
conftest.c:56:1: note: 'memchr' is declared in header '<string.h>'
   55 | # include <limits.h>
   56 | #else
configure:6084: $? = 0
configure:6084: result: yes
configure:6084: checking for memset
configure:6084: gcc -o conftest    conftest.c  >&5
conftest.c:69:6: warning: conflicting types for built-in function 'memset'; expected 'void *(void *, int,  long unsigned int)' [-Wbuiltin-declaration-mismatch]
   69 | char memset ();
      |      ^~~~~~
conftest.c:57:1: note: 'memset' is declared in header '<string.h>'
   56 | # include <limits.h>
   57 | #else
configure:6084: $? = 0
configure:6084: result: yes
configure:6084: checking for mkdir
configure:6084: gcc -o conftest    conftest.c  >&5
configure:6084: $? = 0
configure:6084: result: yes
configure:6084: checking for rmdir
configure:6084: gcc -o conftest    conftest.c  >&5
configure:6084: $? = 0
configure:6084: result: yes
configure:6084: checking for setlocale
configure:6084: gcc -o conftest    conftest.c  >&5
configure:6084: $? = 0
configure:6084: result: yes
configure:6084: checking for socket
configure:6084: gcc -o conftest    conftest.c  >&5
configure:6084: $? = 0
configure:6084: result: yes
configure:6084: checking for strcasecmp
configure:6084: gcc -o conftest    conftest.c  >&5
conftest.c:74:6: warning: conflicting types for built-in function 'strcasecmp'; expected 'int(const char *, const char *)' [-Wbuiltin-declaration-mismatch]
   74 | char strcasecmp ();
      |      ^~~~~~~~~~
configure:6084: $? = 0
configure:6084: result: yes
configure:6084: checking for strchr
configure:6084: gcc -o conftest    conftest.c  >&5
conftest.c:75:6: warning: conflicting types for built-in function 'strchr'; expected 'char *(const char *, int)' [-Wbuiltin-declaration-mismatch]
   75 | char strchr ();
      |      ^~~~~~
conftest.c:63:1: note: 'strchr' is declared in header '<string.h>'
   62 | # include <limits.h>
   63 | #else
configure:6084: $? = 0
configure:6084: result: yes
configure:6084: checking for strdup
configure:6084: gcc -o conftest    conftest.c  >&5
conftest.c:76:6: warning: conflicting types for built-in function 'strdup'; expected 'char *(const char *)' [-Wbuiltin-declaration-mismatch]
   76 | char strdup ();
      |      ^~~~~~
configure:6084: $? = 0
configure:6084: result: yes
configure:6084: checking for strerror
configure:6084: gcc -o conftest    conftest.c  >&5
configure:6084: $? = 0
configure:6084: result: yes
configure:6084: checking for strncasecmp
configure:6084: gcc -o conftest    conftest.c  >&5
conftest.c:78:6: warning: conflicting types for built-in function 'strncasecmp'; expected 'int(const char *, const char *, long unsigned int)' [-Wbuiltin-declaration-mismatch]
   78 | char strncasecmp ();
      |      ^~~~~~~~~~~
configure:6084: $? = 0
configure:6084: result: yes
configure:6084: checking for strndup
configure:6084: gcc -o conftest    conftest.c  >&5
conftest.c:79:6: warning: conflicting types for built-in function 'strndup'; expected 'char *(const char *, long unsigned int)' [-Wbuiltin-declaration-mismatch]
   79 | char strndup ();
      |      ^~~~~~~
configure:6084: $? = 0
configure:6084: result: yes
configure:6084: checking for strrchr
configure:6084: gcc -o conftest    conftest.c  >&5
conftest.c:80:6: warning: conflicting types for built-in function 'strrchr'; expected 'char *(const char *, int)' [-Wbuiltin-declaration-mismatch]
   80 | char strrchr ();
      |      ^~~~~~~
conftest.c:68:1: note: 'strrchr' is declared in header '<string.h>'
   67 | # include <limits.h>
   68 | #else
configure:6084: $? = 0
configure:6084: result: yes
configure:6084: checking for strspn
configure:6084: gcc -o conftest    conftest.c  >&5
conftest.c:81:6: warning: conflicting types for built-in function 'strspn'; expected 'long unsigned int(const char *, const char *)' [-Wbuiltin-declaration-mismatch]
   81 | char strspn ();
      |      ^~~~~~
conftest.c:69:1: note: 'strspn' is declared in header '<string.h>'
   68 | # include <limits.h>
   69 | #else
configure:6084: $? = 0
configure:6084: result: yes
configure:6084: checking for strstr
configure:6084: gcc -o conftest    conftest.c  >&5
conftest.c:82:6: warning: conflicting types for built-in function 'strstr'; expected 'char *(const char *, const char *)' [-Wbuiltin-declaration-mismatch]
   82 | char strstr ();
      |      ^~~~~~
conftest.c:70:1: note: 'strstr' is declared in header '<string.h>'
   69 | # include <limits.h>
   70 | #else
configure:6084: $? = 0
configure:6084: result: yes
configure:6084: checking for strtol
configure:6084: gcc -o conftest    conftest.c  >&5
configure:6084: $? = 0
configure:6084: result: yes
configure:6084: checking for strtoul
configure:6084: gcc -o conftest    conftest.c  >&5
configure:6084: $? = 0
configure:6084: result: yes
configure:6101: checking for library containing floor
configure:6132: gcc -o conftest    conftest.c  >&5
conftest.c:69:6: warning: conflicting types for built-in function 'floor'; expected 'double(double)' [-Wbuiltin-declaration-mismatch]
   69 | char floor ();
      |      ^~~~~
conftest.c:1:1: note: 'floor' is declared in header '<math.h>'
    1 | /* confdefs.h */
/usr/bin/ld: /tmp/ccuYVnge.o: in function `main':
conftest.c:(.text+0xe): undefined reference to `floor'
collect2: error: ld returned 1 exit status
configure:6132: $? = 1
configure: failed program was:
| /* confdefs.h */
| #define PACKAGE_NAME "i3lock-color"
| #define PACKAGE_TARNAME "i3lock-color"
| #define PACKAGE_VERSION "2.12.c.1"
| #define PACKAGE_STRING "i3lock-color 2.12.c.1"
| #define PACKAGE_BUGREPORT "https://github.com/Raymo11/i3lock-color/issues"
| #define PACKAGE_URL ""
| #define PACKAGE "i3lock-color"
| #define VERSION "2.12.c.1"
| #define I3LOCK_VERSION "2.12.c.2 (2020-04-18)"
| #define UNUSED_NDEBUG /**/
| #define STDC_HEADERS 1
| #define HAVE_SYS_TYPES_H 1
| #define HAVE_SYS_STAT_H 1
| #define HAVE_STDLIB_H 1
| #define HAVE_STRING_H 1
| #define HAVE_MEMORY_H 1
| #define HAVE_STRINGS_H 1
| #define HAVE_INTTYPES_H 1
| #define HAVE_STDINT_H 1
| #define HAVE_UNISTD_H 1
| #define __EXTENSIONS__ 1
| #define _ALL_SOURCE 1
| #define _GNU_SOURCE 1
| #define _POSIX_PTHREAD_SEMANTICS 1
| #define _TANDEM_SOURCE 1
| #define HAVE__BOOL 1
| #define HAVE_MODE_T 1
| #define HAVE_OFF_T 1
| #define HAVE_PID_T 1
| #define HAVE_SIZE_T 1
| #define HAVE_SSIZE_T 1
| #define HAVE_FORK 1
| #define HAVE_VFORK 1
| #define HAVE_WORKING_VFORK 1
| #define HAVE_WORKING_FORK 1
| #define LSTAT_FOLLOWS_SLASHED_SYMLINK 1
| #define HAVE_ATEXIT 1
| #define HAVE_DUP2 1
| #define HAVE_FTRUNCATE 1
| #define HAVE_GETCWD 1
| #define HAVE_GETTIMEOFDAY 1
| #define HAVE_LOCALTIME_R 1
| #define HAVE_MEMCHR 1
| #define HAVE_MEMSET 1
| #define HAVE_MKDIR 1
| #define HAVE_RMDIR 1
| #define HAVE_SETLOCALE 1
| #define HAVE_SOCKET 1
| #define HAVE_STRCASECMP 1
| #define HAVE_STRCHR 1
| #define HAVE_STRDUP 1
| #define HAVE_STRERROR 1
| #define HAVE_STRNCASECMP 1
| #define HAVE_STRNDUP 1
| #define HAVE_STRRCHR 1
| #define HAVE_STRSPN 1
| #define HAVE_STRSTR 1
| #define HAVE_STRTOL 1
| #define HAVE_STRTOUL 1
| /* end confdefs.h.  */
| 
| /* Override any GCC internal prototype to avoid an error.
|    Use char because int might match the return type of a GCC
|    builtin and then its argument prototype would still apply.  */
| #ifdef __cplusplus
| extern "C"
| #endif
| char floor ();
| int
| main ()
| {
| return floor ();
|   ;
|   return 0;
| }
configure:6132: gcc -o conftest    conftest.c -lm   >&5
conftest.c:69:6: warning: conflicting types for built-in function 'floor'; expected 'double(double)' [-Wbuiltin-declaration-mismatch]
   69 | char floor ();
      |      ^~~~~
conftest.c:1:1: note: 'floor' is declared in header '<math.h>'
    1 | /* confdefs.h */
configure:6132: $? = 0
configure:6149: result: -lm
configure:6164: checking for library containing ev_run
configure:6195: gcc -o conftest    conftest.c -lm  >&5
/usr/bin/ld: /tmp/cc5Y5sni.o: in function `main':
conftest.c:(.text+0xe): undefined reference to `ev_run'
collect2: error: ld returned 1 exit status
configure:6195: $? = 1
configure: failed program was:
| /* confdefs.h */
| #define PACKAGE_NAME "i3lock-color"
| #define PACKAGE_TARNAME "i3lock-color"
| #define PACKAGE_VERSION "2.12.c.1"
| #define PACKAGE_STRING "i3lock-color 2.12.c.1"
| #define PACKAGE_BUGREPORT "https://github.com/Raymo11/i3lock-color/issues"
| #define PACKAGE_URL ""
| #define PACKAGE "i3lock-color"
| #define VERSION "2.12.c.1"
| #define I3LOCK_VERSION "2.12.c.2 (2020-04-18)"
| #define UNUSED_NDEBUG /**/
| #define STDC_HEADERS 1
| #define HAVE_SYS_TYPES_H 1
| #define HAVE_SYS_STAT_H 1
| #define HAVE_STDLIB_H 1
| #define HAVE_STRING_H 1
| #define HAVE_MEMORY_H 1
| #define HAVE_STRINGS_H 1
| #define HAVE_INTTYPES_H 1
| #define HAVE_STDINT_H 1
| #define HAVE_UNISTD_H 1
| #define __EXTENSIONS__ 1
| #define _ALL_SOURCE 1
| #define _GNU_SOURCE 1
| #define _POSIX_PTHREAD_SEMANTICS 1
| #define _TANDEM_SOURCE 1
| #define HAVE__BOOL 1
| #define HAVE_MODE_T 1
| #define HAVE_OFF_T 1
| #define HAVE_PID_T 1
| #define HAVE_SIZE_T 1
| #define HAVE_SSIZE_T 1
| #define HAVE_FORK 1
| #define HAVE_VFORK 1
| #define HAVE_WORKING_VFORK 1
| #define HAVE_WORKING_FORK 1
| #define LSTAT_FOLLOWS_SLASHED_SYMLINK 1
| #define HAVE_ATEXIT 1
| #define HAVE_DUP2 1
| #define HAVE_FTRUNCATE 1
| #define HAVE_GETCWD 1
| #define HAVE_GETTIMEOFDAY 1
| #define HAVE_LOCALTIME_R 1
| #define HAVE_MEMCHR 1
| #define HAVE_MEMSET 1
| #define HAVE_MKDIR 1
| #define HAVE_RMDIR 1
| #define HAVE_SETLOCALE 1
| #define HAVE_SOCKET 1
| #define HAVE_STRCASECMP 1
| #define HAVE_STRCHR 1
| #define HAVE_STRDUP 1
| #define HAVE_STRERROR 1
| #define HAVE_STRNCASECMP 1
| #define HAVE_STRNDUP 1
| #define HAVE_STRRCHR 1
| #define HAVE_STRSPN 1
| #define HAVE_STRSTR 1
| #define HAVE_STRTOL 1
| #define HAVE_STRTOUL 1
| /* end confdefs.h.  */
| 
| /* Override any GCC internal prototype to avoid an error.
|    Use char because int might match the return type of a GCC
|    builtin and then its argument prototype would still apply.  */
| #ifdef __cplusplus
| extern "C"
| #endif
| char ev_run ();
| int
| main ()
| {
| return ev_run ();
|   ;
|   return 0;
| }
configure:6195: gcc -o conftest    conftest.c -lev  -lm  >&5
configure:6195: $? = 0
configure:6212: result: -lev
configure:6226: checking for library containing shm_open
configure:6257: gcc -o conftest    conftest.c -lev -lm  >&5
/usr/bin/ld: /tmp/ccvLp977.o: in function `main':
conftest.c:(.text+0xe): undefined reference to `shm_open'
collect2: error: ld returned 1 exit status
configure:6257: $? = 1
configure: failed program was:
| /* confdefs.h */
| #define PACKAGE_NAME "i3lock-color"
| #define PACKAGE_TARNAME "i3lock-color"
| #define PACKAGE_VERSION "2.12.c.1"
| #define PACKAGE_STRING "i3lock-color 2.12.c.1"
| #define PACKAGE_BUGREPORT "https://github.com/Raymo11/i3lock-color/issues"
| #define PACKAGE_URL ""
| #define PACKAGE "i3lock-color"
| #define VERSION "2.12.c.1"
| #define I3LOCK_VERSION "2.12.c.2 (2020-04-18)"
| #define UNUSED_NDEBUG /**/
| #define STDC_HEADERS 1
| #define HAVE_SYS_TYPES_H 1
| #define HAVE_SYS_STAT_H 1
| #define HAVE_STDLIB_H 1
| #define HAVE_STRING_H 1
| #define HAVE_MEMORY_H 1
| #define HAVE_STRINGS_H 1
| #define HAVE_INTTYPES_H 1
| #define HAVE_STDINT_H 1
| #define HAVE_UNISTD_H 1
| #define __EXTENSIONS__ 1
| #define _ALL_SOURCE 1
| #define _GNU_SOURCE 1
| #define _POSIX_PTHREAD_SEMANTICS 1
| #define _TANDEM_SOURCE 1
| #define HAVE__BOOL 1
| #define HAVE_MODE_T 1
| #define HAVE_OFF_T 1
| #define HAVE_PID_T 1
| #define HAVE_SIZE_T 1
| #define HAVE_SSIZE_T 1
| #define HAVE_FORK 1
| #define HAVE_VFORK 1
| #define HAVE_WORKING_VFORK 1
| #define HAVE_WORKING_FORK 1
| #define LSTAT_FOLLOWS_SLASHED_SYMLINK 1
| #define HAVE_ATEXIT 1
| #define HAVE_DUP2 1
| #define HAVE_FTRUNCATE 1
| #define HAVE_GETCWD 1
| #define HAVE_GETTIMEOFDAY 1
| #define HAVE_LOCALTIME_R 1
| #define HAVE_MEMCHR 1
| #define HAVE_MEMSET 1
| #define HAVE_MKDIR 1
| #define HAVE_RMDIR 1
| #define HAVE_SETLOCALE 1
| #define HAVE_SOCKET 1
| #define HAVE_STRCASECMP 1
| #define HAVE_STRCHR 1
| #define HAVE_STRDUP 1
| #define HAVE_STRERROR 1
| #define HAVE_STRNCASECMP 1
| #define HAVE_STRNDUP 1
| #define HAVE_STRRCHR 1
| #define HAVE_STRSPN 1
| #define HAVE_STRSTR 1
| #define HAVE_STRTOL 1
| #define HAVE_STRTOUL 1
| /* end confdefs.h.  */
| 
| /* Override any GCC internal prototype to avoid an error.
|    Use char because int might match the return type of a GCC
|    builtin and then its argument prototype would still apply.  */
| #ifdef __cplusplus
| extern "C"
| #endif
| char shm_open ();
| int
| main ()
| {
| return shm_open ();
|   ;
|   return 0;
| }
configure:6257: gcc -o conftest    conftest.c -lrt  -lev -lm  >&5
configure:6257: $? = 0
configure:6274: result: -lrt
configure:6289: checking for library containing pam_authenticate
configure:6320: gcc -o conftest    conftest.c -lrt -lev -lm  >&5
/usr/bin/ld: /tmp/ccRsUlgX.o: in function `main':
conftest.c:(.text+0xe): undefined reference to `pam_authenticate'
collect2: error: ld returned 1 exit status
configure:6320: $? = 1
configure: failed program was:
| /* confdefs.h */
| #define PACKAGE_NAME "i3lock-color"
| #define PACKAGE_TARNAME "i3lock-color"
| #define PACKAGE_VERSION "2.12.c.1"
| #define PACKAGE_STRING "i3lock-color 2.12.c.1"
| #define PACKAGE_BUGREPORT "https://github.com/Raymo11/i3lock-color/issues"
| #define PACKAGE_URL ""
| #define PACKAGE "i3lock-color"
| #define VERSION "2.12.c.1"
| #define I3LOCK_VERSION "2.12.c.2 (2020-04-18)"
| #define UNUSED_NDEBUG /**/
| #define STDC_HEADERS 1
| #define HAVE_SYS_TYPES_H 1
| #define HAVE_SYS_STAT_H 1
| #define HAVE_STDLIB_H 1
| #define HAVE_STRING_H 1
| #define HAVE_MEMORY_H 1
| #define HAVE_STRINGS_H 1
| #define HAVE_INTTYPES_H 1
| #define HAVE_STDINT_H 1
| #define HAVE_UNISTD_H 1
| #define __EXTENSIONS__ 1
| #define _ALL_SOURCE 1
| #define _GNU_SOURCE 1
| #define _POSIX_PTHREAD_SEMANTICS 1
| #define _TANDEM_SOURCE 1
| #define HAVE__BOOL 1
| #define HAVE_MODE_T 1
| #define HAVE_OFF_T 1
| #define HAVE_PID_T 1
| #define HAVE_SIZE_T 1
| #define HAVE_SSIZE_T 1
| #define HAVE_FORK 1
| #define HAVE_VFORK 1
| #define HAVE_WORKING_VFORK 1
| #define HAVE_WORKING_FORK 1
| #define LSTAT_FOLLOWS_SLASHED_SYMLINK 1
| #define HAVE_ATEXIT 1
| #define HAVE_DUP2 1
| #define HAVE_FTRUNCATE 1
| #define HAVE_GETCWD 1
| #define HAVE_GETTIMEOFDAY 1
| #define HAVE_LOCALTIME_R 1
| #define HAVE_MEMCHR 1
| #define HAVE_MEMSET 1
| #define HAVE_MKDIR 1
| #define HAVE_RMDIR 1
| #define HAVE_SETLOCALE 1
| #define HAVE_SOCKET 1
| #define HAVE_STRCASECMP 1
| #define HAVE_STRCHR 1
| #define HAVE_STRDUP 1
| #define HAVE_STRERROR 1
| #define HAVE_STRNCASECMP 1
| #define HAVE_STRNDUP 1
| #define HAVE_STRRCHR 1
| #define HAVE_STRSPN 1
| #define HAVE_STRSTR 1
| #define HAVE_STRTOL 1
| #define HAVE_STRTOUL 1
| /* end confdefs.h.  */
| 
| /* Override any GCC internal prototype to avoid an error.
|    Use char because int might match the return type of a GCC
|    builtin and then its argument prototype would still apply.  */
| #ifdef __cplusplus
| extern "C"
| #endif
| char pam_authenticate ();
| int
| main ()
| {
| return pam_authenticate ();
|   ;
|   return 0;
| }
configure:6320: gcc -o conftest    conftest.c -lpam  -lrt -lev -lm  >&5
configure:6320: $? = 0
configure:6337: result: -lpam
configure:6348: checking for library containing iconv_open
configure:6379: gcc -o conftest    conftest.c -lpam -lrt -lev -lm  >&5
configure:6379: $? = 0
configure:6396: result: none required
configure:6464: checking for pkg-config
configure:6482: found /usr/bin/pkg-config
configure:6494: result: /usr/bin/pkg-config
configure:6519: checking pkg-config is at least version 0.9.0
configure:6522: result: yes
configure:6532: checking for XCB
configure:6539: $PKG_CONFIG --exists --print-errors "xcb xcb-xkb xcb-xinerama xcb-randr xcb-composite"
configure:6542: $? = 0
configure:6556: $PKG_CONFIG --exists --print-errors "xcb xcb-xkb xcb-xinerama xcb-randr xcb-composite"
configure:6559: $? = 0
configure:6617: result: yes
configure:6623: checking for XCB_IMAGE
configure:6630: $PKG_CONFIG --exists --print-errors "xcb-image"
configure:6633: $? = 0
configure:6647: $PKG_CONFIG --exists --print-errors "xcb-image"
configure:6650: $? = 0
configure:6708: result: yes
configure:6714: checking for XCB_UTIL
configure:6721: $PKG_CONFIG --exists --print-errors "xcb-event xcb-util xcb-atom"
configure:6724: $? = 0
configure:6738: $PKG_CONFIG --exists --print-errors "xcb-event xcb-util xcb-atom"
configure:6741: $? = 0
configure:6799: result: yes
configure:6805: checking for XCB_UTIL_XRM
configure:6812: $PKG_CONFIG --exists --print-errors "xcb-xrm"
configure:6815: $? = 0
configure:6829: $PKG_CONFIG --exists --print-errors "xcb-xrm"
configure:6832: $? = 0
configure:6890: result: yes
configure:6896: checking for XKBCOMMON
configure:6903: $PKG_CONFIG --exists --print-errors "xkbcommon xkbcommon-x11"
configure:6906: $? = 0
configure:6920: $PKG_CONFIG --exists --print-errors "xkbcommon xkbcommon-x11"
configure:6923: $? = 0
configure:6981: result: yes
configure:6987: checking for CAIRO
configure:6994: $PKG_CONFIG --exists --print-errors "cairo"
configure:6997: $? = 0
configure:7011: $PKG_CONFIG --exists --print-errors "cairo"
configure:7014: $? = 0
configure:7072: result: yes
configure:7078: checking for JPEG
configure:7085: $PKG_CONFIG --exists --print-errors "libjpeg"
configure:7088: $? = 0
configure:7102: $PKG_CONFIG --exists --print-errors "libjpeg"
configure:7105: $? = 0
configure:7163: result: yes
configure:7169: checking for FONTCONFIG
configure:7176: $PKG_CONFIG --exists --print-errors "fontconfig"
configure:7179: $? = 0
configure:7193: $PKG_CONFIG --exists --print-errors "fontconfig"
configure:7196: $? = 0
configure:7254: result: yes
configure:7265: checking for gawk
configure:7292: result: gawk
configure:7308: checking how to run the C preprocessor
configure:7378: result: gcc -E
configure:7398: gcc -E  conftest.c
configure:7398: $? = 0
configure:7412: gcc -E  conftest.c
conftest.c:62:10: fatal error: ac_nonexistent.h: No such file or directory
   62 | #include <ac_nonexistent.h>
      |          ^~~~~~~~~~~~~~~~~~
compilation terminated.
configure:7412: $? = 1
configure: failed program was:
| /* confdefs.h */
| #define PACKAGE_NAME "i3lock-color"
| #define PACKAGE_TARNAME "i3lock-color"
| #define PACKAGE_VERSION "2.12.c.1"
| #define PACKAGE_STRING "i3lock-color 2.12.c.1"
| #define PACKAGE_BUGREPORT "https://github.com/Raymo11/i3lock-color/issues"
| #define PACKAGE_URL ""
| #define PACKAGE "i3lock-color"
| #define VERSION "2.12.c.1"
| #define I3LOCK_VERSION "2.12.c.2 (2020-04-18)"
| #define UNUSED_NDEBUG /**/
| #define STDC_HEADERS 1
| #define HAVE_SYS_TYPES_H 1
| #define HAVE_SYS_STAT_H 1
| #define HAVE_STDLIB_H 1
| #define HAVE_STRING_H 1
| #define HAVE_MEMORY_H 1
| #define HAVE_STRINGS_H 1
| #define HAVE_INTTYPES_H 1
| #define HAVE_STDINT_H 1
| #define HAVE_UNISTD_H 1
| #define __EXTENSIONS__ 1
| #define _ALL_SOURCE 1
| #define _GNU_SOURCE 1
| #define _POSIX_PTHREAD_SEMANTICS 1
| #define _TANDEM_SOURCE 1
| #define HAVE__BOOL 1
| #define HAVE_MODE_T 1
| #define HAVE_OFF_T 1
| #define HAVE_PID_T 1
| #define HAVE_SIZE_T 1
| #define HAVE_SSIZE_T 1
| #define HAVE_FORK 1
| #define HAVE_VFORK 1
| #define HAVE_WORKING_VFORK 1
| #define HAVE_WORKING_FORK 1
| #define LSTAT_FOLLOWS_SLASHED_SYMLINK 1
| #define HAVE_ATEXIT 1
| #define HAVE_DUP2 1
| #define HAVE_FTRUNCATE 1
| #define HAVE_GETCWD 1
| #define HAVE_GETTIMEOFDAY 1
| #define HAVE_LOCALTIME_R 1
| #define HAVE_MEMCHR 1
| #define HAVE_MEMSET 1
| #define HAVE_MKDIR 1
| #define HAVE_RMDIR 1
| #define HAVE_SETLOCALE 1
| #define HAVE_SOCKET 1
| #define HAVE_STRCASECMP 1
| #define HAVE_STRCHR 1
| #define HAVE_STRDUP 1
| #define HAVE_STRERROR 1
| #define HAVE_STRNCASECMP 1
| #define HAVE_STRNDUP 1
| #define HAVE_STRRCHR 1
| #define HAVE_STRSPN 1
| #define HAVE_STRSTR 1
| #define HAVE_STRTOL 1
| #define HAVE_STRTOUL 1
| /* end confdefs.h.  */
| #include <ac_nonexistent.h>
configure:7441: checking whether make sets $(MAKE)
configure:7463: result: yes
configure:7515: checking for ranlib
configure:7531: found /usr/bin/ranlib
configure:7542: result: ranlib
configure:7564: checking whether ln -s works
configure:7568: result: yes
configure:7625: checking for ar
configure:7641: found /usr/bin/ar
configure:7652: result: ar
configure:7678: checking the archiver (ar) interface
configure:7694: gcc -c   conftest.c >&5
configure:7694: $? = 0
configure:7696: ar cru libconftest.a conftest.o >&5
ar: `u' modifier ignored since `D' is the default (see `U')
configure:7699: $? = 0
configure:7698: result: ar
configure:7719: checking CFLAGS for maximum warnings
configure:7739: gcc -c  -warn all  -warn all  conftest.c >&5
gcc: error: all: No such file or directory
gcc: error: all: No such file or directory
gcc: error: unrecognized command line option '-warn'; did you mean '--warn-'?
gcc: error: unrecognized command line option '-warn'; did you mean '--warn-'?
configure:7739: $? = 1
configure: failed program was:
| /* confdefs.h */
| #define PACKAGE_NAME "i3lock-color"
| #define PACKAGE_TARNAME "i3lock-color"
| #define PACKAGE_VERSION "2.12.c.1"
| #define PACKAGE_STRING "i3lock-color 2.12.c.1"
| #define PACKAGE_BUGREPORT "https://github.com/Raymo11/i3lock-color/issues"
| #define PACKAGE_URL ""
| #define PACKAGE "i3lock-color"
| #define VERSION "2.12.c.1"
| #define I3LOCK_VERSION "2.12.c.2 (2020-04-18)"
| #define UNUSED_NDEBUG /**/
| #define STDC_HEADERS 1
| #define HAVE_SYS_TYPES_H 1
| #define HAVE_SYS_STAT_H 1
| #define HAVE_STDLIB_H 1
| #define HAVE_STRING_H 1
| #define HAVE_MEMORY_H 1
| #define HAVE_STRINGS_H 1
| #define HAVE_INTTYPES_H 1
| #define HAVE_STDINT_H 1
| #define HAVE_UNISTD_H 1
| #define __EXTENSIONS__ 1
| #define _ALL_SOURCE 1
| #define _GNU_SOURCE 1
| #define _POSIX_PTHREAD_SEMANTICS 1
| #define _TANDEM_SOURCE 1
| #define HAVE__BOOL 1
| #define HAVE_MODE_T 1
| #define HAVE_OFF_T 1
| #define HAVE_PID_T 1
| #define HAVE_SIZE_T 1
| #define HAVE_SSIZE_T 1
| #define HAVE_FORK 1
| #define HAVE_VFORK 1
| #define HAVE_WORKING_VFORK 1
| #define HAVE_WORKING_FORK 1
| #define LSTAT_FOLLOWS_SLASHED_SYMLINK 1
| #define HAVE_ATEXIT 1
| #define HAVE_DUP2 1
| #define HAVE_FTRUNCATE 1
| #define HAVE_GETCWD 1
| #define HAVE_GETTIMEOFDAY 1
| #define HAVE_LOCALTIME_R 1
| #define HAVE_MEMCHR 1
| #define HAVE_MEMSET 1
| #define HAVE_MKDIR 1
| #define HAVE_RMDIR 1
| #define HAVE_SETLOCALE 1
| #define HAVE_SOCKET 1
| #define HAVE_STRCASECMP 1
| #define HAVE_STRCHR 1
| #define HAVE_STRDUP 1
| #define HAVE_STRERROR 1
| #define HAVE_STRNCASECMP 1
| #define HAVE_STRNDUP 1
| #define HAVE_STRRCHR 1
| #define HAVE_STRSPN 1
| #define HAVE_STRSTR 1
| #define HAVE_STRTOL 1
| #define HAVE_STRTOUL 1
| /* end confdefs.h.  */
| 
| int
| main ()
| {
| 
|   ;
|   return 0;
| }
configure:7739: gcc -c  -pedantic  -Wall  conftest.c >&5
configure:7739: $? = 0
configure:7747: result: -Wall
configure:7767: : CFLAGS="$CFLAGS"
configure:7770: $? = 0
configure:7812: : AM_CFLAGS="$AM_CFLAGS"
configure:7815: $? = 0
configure:7828: : AM_CFLAGS="$AM_CFLAGS"
configure:7831: $? = 0
configure:7860: : AM_CFLAGS="$AM_CFLAGS"
configure:7863: $? = 0
configure:7879: checking whether C compiler accepts -Wunused-value
configure:7898: gcc -c  -Wall  -Wunused-value  conftest.c >&5
configure:7898: $? = 0
configure:7906: result: yes
configure:7922: : AM_CFLAGS="$AM_CFLAGS"
configure:7925: $? = 0
configure:7951: checking fcntl.h usability
configure:7951: gcc -c  -Wall  conftest.c >&5
configure:7951: $? = 0
configure:7951: result: yes
configure:7951: checking fcntl.h presence
configure:7951: gcc -E  conftest.c
configure:7951: $? = 0
configure:7951: result: yes
configure:7951: checking for fcntl.h
configure:7951: result: yes
configure:7951: checking float.h usability
configure:7951: gcc -c  -Wall  conftest.c >&5
configure:7951: $? = 0
configure:7951: result: yes
configure:7951: checking float.h presence
configure:7951: gcc -E  conftest.c
configure:7951: $? = 0
configure:7951: result: yes
configure:7951: checking for float.h
configure:7951: result: yes
configure:7951: checking for inttypes.h
configure:7951: result: yes
configure:7951: checking limits.h usability
configure:7951: gcc -c  -Wall  conftest.c >&5
configure:7951: $? = 0
configure:7951: result: yes
configure:7951: checking limits.h presence
configure:7951: gcc -E  conftest.c
configure:7951: $? = 0
configure:7951: result: yes
configure:7951: checking for limits.h
configure:7951: result: yes
configure:7951: checking locale.h usability
configure:7951: gcc -c  -Wall  conftest.c >&5
configure:7951: $? = 0
configure:7951: result: yes
configure:7951: checking locale.h presence
configure:7951: gcc -E  conftest.c
configure:7951: $? = 0
configure:7951: result: yes
configure:7951: checking for locale.h
configure:7951: result: yes
configure:7951: checking netinet/in.h usability
configure:7951: gcc -c  -Wall  conftest.c >&5
configure:7951: $? = 0
configure:7951: result: yes
configure:7951: checking netinet/in.h presence
configure:7951: gcc -E  conftest.c
configure:7951: $? = 0
configure:7951: result: yes
configure:7951: checking for netinet/in.h
configure:7951: result: yes
configure:7951: checking paths.h usability
configure:7951: gcc -c  -Wall  conftest.c >&5
configure:7951: $? = 0
configure:7951: result: yes
configure:7951: checking paths.h presence
configure:7951: gcc -E  conftest.c
configure:7951: $? = 0
configure:7951: result: yes
configure:7951: checking for paths.h
configure:7951: result: yes
configure:7951: checking stddef.h usability
configure:7951: gcc -c  -Wall  conftest.c >&5
configure:7951: $? = 0
configure:7951: result: yes
configure:7951: checking stddef.h presence
configure:7951: gcc -E  conftest.c
configure:7951: $? = 0
configure:7951: result: yes
configure:7951: checking for stddef.h
configure:7951: result: yes
configure:7951: checking for stdint.h
configure:7951: result: yes
configure:7951: checking for stdlib.h
configure:7951: result: yes
configure:7951: checking for string.h
configure:7951: result: yes
configure:7951: checking sys/param.h usability
configure:7951: gcc -c  -Wall  conftest.c >&5
configure:7951: $? = 0
configure:7951: result: yes
configure:7951: checking sys/param.h presence
configure:7951: gcc -E  conftest.c
configure:7951: $? = 0
configure:7951: result: yes
configure:7951: checking for sys/param.h
configure:7951: result: yes
configure:7951: checking sys/socket.h usability
configure:7951: gcc -c  -Wall  conftest.c >&5
configure:7951: $? = 0
configure:7951: result: yes
configure:7951: checking sys/socket.h presence
configure:7951: gcc -E  conftest.c
configure:7951: $? = 0
configure:7951: result: yes
configure:7951: checking for sys/socket.h
configure:7951: result: yes
configure:7951: checking sys/time.h usability
configure:7951: gcc -c  -Wall  conftest.c >&5
configure:7951: $? = 0
configure:7951: result: yes
configure:7951: checking sys/time.h presence
configure:7951: gcc -E  conftest.c
configure:7951: $? = 0
configure:7951: result: yes
configure:7951: checking for sys/time.h
configure:7951: result: yes
configure:7951: checking for unistd.h
configure:7951: result: yes
configure:8805: checking that generated files are newer than configure
configure:8811: result: done
configure:8842: creating ./config.status

## ---------------------- ##
## Running config.status. ##
## ---------------------- ##

This file was extended by i3lock-color config.status 2.12.c.1, which was
generated by GNU Autoconf 2.69.  Invocation command line was

  CONFIG_FILES    = 
  CONFIG_HEADERS  = 
  CONFIG_LINKS    = 
  CONFIG_COMMANDS = 
  $ ./config.status 

on loRdi-de-callum

config.status:1091: creating Makefile
config.status:1091: creating config.h
config.status:1305: executing buildir commands
config.status:1318: skipping top_srcdir/Makefile - not created
config.status:1305: executing depfiles commands
config.status:1526: cd .       && sed -e '/# am--include-marker/d' Makefile         | make -f - am--depfiles
config.status:1531: $? = 0

## ---------------- ##
## Cache variables. ##
## ---------------- ##

_cv_gnu_make_command=make
ac_cv_build=x86_64-pc-linux-gnu
ac_cv_c_compiler_gnu=yes
ac_cv_cflags_warn_all=-Wall
ac_cv_env_CAIRO_CFLAGS_set=
ac_cv_env_CAIRO_CFLAGS_value=
ac_cv_env_CAIRO_LIBS_set=
ac_cv_env_CAIRO_LIBS_value=
ac_cv_env_CC_set=
ac_cv_env_CC_value=
ac_cv_env_CFLAGS_set=
ac_cv_env_CFLAGS_value=
ac_cv_env_CPPFLAGS_set=
ac_cv_env_CPPFLAGS_value=
ac_cv_env_CPP_set=
ac_cv_env_CPP_value=
ac_cv_env_FONTCONFIG_CFLAGS_set=
ac_cv_env_FONTCONFIG_CFLAGS_value=
ac_cv_env_FONTCONFIG_LIBS_set=
ac_cv_env_FONTCONFIG_LIBS_value=
ac_cv_env_JPEG_CFLAGS_set=
ac_cv_env_JPEG_CFLAGS_value=
ac_cv_env_JPEG_LIBS_set=
ac_cv_env_JPEG_LIBS_value=
ac_cv_env_LDFLAGS_set=
ac_cv_env_LDFLAGS_value=
ac_cv_env_LIBS_set=
ac_cv_env_LIBS_value=
ac_cv_env_PKG_CONFIG_LIBDIR_set=
ac_cv_env_PKG_CONFIG_LIBDIR_value=
ac_cv_env_PKG_CONFIG_PATH_set=
ac_cv_env_PKG_CONFIG_PATH_value=
ac_cv_env_PKG_CONFIG_set=
ac_cv_env_PKG_CONFIG_value=
ac_cv_env_XCB_CFLAGS_set=
ac_cv_env_XCB_CFLAGS_value=
ac_cv_env_XCB_IMAGE_CFLAGS_set=
ac_cv_env_XCB_IMAGE_CFLAGS_value=
ac_cv_env_XCB_IMAGE_LIBS_set=
ac_cv_env_XCB_IMAGE_LIBS_value=
ac_cv_env_XCB_LIBS_set=
ac_cv_env_XCB_LIBS_value=
ac_cv_env_XCB_UTIL_CFLAGS_set=
ac_cv_env_XCB_UTIL_CFLAGS_value=
ac_cv_env_XCB_UTIL_LIBS_set=
ac_cv_env_XCB_UTIL_LIBS_value=
ac_cv_env_XCB_UTIL_XRM_CFLAGS_set=
ac_cv_env_XCB_UTIL_XRM_CFLAGS_value=
ac_cv_env_XCB_UTIL_XRM_LIBS_set=
ac_cv_env_XCB_UTIL_XRM_LIBS_value=
ac_cv_env_XKBCOMMON_CFLAGS_set=
ac_cv_env_XKBCOMMON_CFLAGS_value=
ac_cv_env_XKBCOMMON_LIBS_set=
ac_cv_env_XKBCOMMON_LIBS_value=
ac_cv_env_build_alias_set=
ac_cv_env_build_alias_value=
ac_cv_env_host_alias_set=
ac_cv_env_host_alias_value=
ac_cv_env_target_alias_set=
ac_cv_env_target_alias_value=
ac_cv_func_atexit=yes
ac_cv_func_dup2=yes
ac_cv_func_fork=yes
ac_cv_func_fork_works=yes
ac_cv_func_ftruncate=yes
ac_cv_func_getcwd=yes
ac_cv_func_gettimeofday=yes
ac_cv_func_localtime_r=yes
ac_cv_func_lstat_dereferences_slashed_symlink=yes
ac_cv_func_memchr=yes
ac_cv_func_memset=yes
ac_cv_func_mkdir=yes
ac_cv_func_rmdir=yes
ac_cv_func_setlocale=yes
ac_cv_func_socket=yes
ac_cv_func_strcasecmp=yes
ac_cv_func_strchr=yes
ac_cv_func_strdup=yes
ac_cv_func_strerror=yes
ac_cv_func_strncasecmp=yes
ac_cv_func_strndup=yes
ac_cv_func_strnlen_working=yes
ac_cv_func_strrchr=yes
ac_cv_func_strspn=yes
ac_cv_func_strstr=yes
ac_cv_func_strtol=yes
ac_cv_func_strtoul=yes
ac_cv_func_vfork=yes
ac_cv_func_vfork_works=yes
ac_cv_header_fcntl_h=yes
ac_cv_header_float_h=yes
ac_cv_header_inttypes_h=yes
ac_cv_header_limits_h=yes
ac_cv_header_locale_h=yes
ac_cv_header_memory_h=yes
ac_cv_header_minix_config_h=no
ac_cv_header_netinet_in_h=yes
ac_cv_header_paths_h=yes
ac_cv_header_stdbool_h=yes
ac_cv_header_stdc=yes
ac_cv_header_stddef_h=yes
ac_cv_header_stdint_h=yes
ac_cv_header_stdlib_h=yes
ac_cv_header_string_h=yes
ac_cv_header_strings_h=yes
ac_cv_header_sys_param_h=yes
ac_cv_header_sys_socket_h=yes
ac_cv_header_sys_stat_h=yes
ac_cv_header_sys_time_h=yes
ac_cv_header_sys_types_h=yes
ac_cv_header_unistd_h=yes
ac_cv_header_vfork_h=no
ac_cv_host=x86_64-pc-linux-gnu
ac_cv_objext=o
ac_cv_path_EGREP='/usr/bin/grep -E'
ac_cv_path_GREP=/usr/bin/grep
ac_cv_path_SED=/usr/bin/sed
ac_cv_path_ac_pt_PKG_CONFIG=/usr/bin/pkg-config
ac_cv_path_ax_enable_builddir_sed=sed
ac_cv_path_install='/usr/bin/install -c'
ac_cv_path_mkdir=/usr/bin/mkdir
ac_cv_prog_AWK=gawk
ac_cv_prog_CPP='gcc -E'
ac_cv_prog_ac_ct_AR=ar
ac_cv_prog_ac_ct_CC=gcc
ac_cv_prog_ac_ct_RANLIB=ranlib
ac_cv_prog_cc_c89=
ac_cv_prog_cc_c99=
ac_cv_prog_cc_g=yes
ac_cv_prog_make_make_set=yes
ac_cv_safe_to_define___extensions__=yes
ac_cv_search_ev_run=-lev
ac_cv_search_floor=-lm
ac_cv_search_iconv_open='none required'
ac_cv_search_pam_authenticate=-lpam
ac_cv_search_shm_open=-lrt
ac_cv_target=x86_64-pc-linux-gnu
ac_cv_type__Bool=yes
ac_cv_type_mode_t=yes
ac_cv_type_off_t=yes
ac_cv_type_pid_t=yes
ac_cv_type_size_t=yes
ac_cv_type_ssize_t=yes
am_cv_CC_dependencies_compiler_type=gcc3
am_cv_ar_interface=ar
am_cv_make_support_nested_variables=yes
am_cv_prog_cc_c_o=yes
ax_cv_check_cflags___Wunused_value=yes
ax_cv_gnu_make_command=make
pkg_cv_CAIRO_CFLAGS='-I/usr/include/cairo -I/usr/include/glib-2.0 -I/usr/lib/x86_64-linux-gnu/glib-2.0/include -I/usr/include/pixman-1 -I/usr/include/uuid -I/usr/include/freetype2 -I/usr/include/libpng16'
pkg_cv_CAIRO_LIBS=-lcairo
pkg_cv_FONTCONFIG_CFLAGS='-I/usr/include/uuid -I/usr/include/freetype2 -I/usr/include/libpng16'
pkg_cv_FONTCONFIG_LIBS='-lfontconfig -lfreetype'
pkg_cv_JPEG_CFLAGS=
pkg_cv_JPEG_LIBS='-L/build/libjpeg-turbo-ff4xqQ/libjpeg-turbo-2.0.3/obj-x86_64-linux-gnu/lib/x86_64-linux-gnu -ljpeg'
pkg_cv_XCB_CFLAGS=
pkg_cv_XCB_IMAGE_CFLAGS=
pkg_cv_XCB_IMAGE_LIBS='-lxcb-image -lxcb -lxcb-shm'
pkg_cv_XCB_LIBS='-lxcb -lxcb-xkb -lxcb-xinerama -lxcb-randr -lxcb-composite'
pkg_cv_XCB_UTIL_CFLAGS=
pkg_cv_XCB_UTIL_LIBS='-lxcb-util -lxcb'
pkg_cv_XCB_UTIL_XRM_CFLAGS=
pkg_cv_XCB_UTIL_XRM_LIBS='-lxcb-xrm -lxcb'
pkg_cv_XKBCOMMON_CFLAGS=
pkg_cv_XKBCOMMON_LIBS='-lxkbcommon-x11 -lxkbcommon'

## ----------------- ##
## Output variables. ##
## ----------------- ##











	$(AM_V_at)$(MAKE) $(AM_MAKEFLAGS) code-coverage-capture
	$(code_coverage_v_genhtml)LANG=C $(GENHTML) $(code_coverage_quiet) $(addprefix --prefix ,$(CODE_COVERAGE_DIRECTORY)) --output-directory "$(CODE_COVERAGE_OUTPUT_DIRECTORY)" --title "$(PACKAGE_NAME)-$(PACKAGE_VERSION) Code Coverage" --legend --show-details "$(CODE_COVERAGE_OUTPUT_FILE)" $(CODE_COVERAGE_GENHTML_OPTIONS)
	$(code_coverage_v_lcov_cap)$(LCOV) $(code_coverage_quiet) $(addprefix --directory ,$(CODE_COVERAGE_DIRECTORY)) --capture --output-file "$(CODE_COVERAGE_OUTPUT_FILE).tmp" --test-name "$(call code_coverage_sanitize,$(PACKAGE_NAME)-$(PACKAGE_VERSION))" --no-checksum --compat-libtool $(CODE_COVERAGE_LCOV_SHOPTS) $(CODE_COVERAGE_LCOV_OPTIONS)
	$(code_coverage_v_lcov_ign)$(LCOV) $(code_coverage_quiet) $(addprefix --directory ,$(CODE_COVERAGE_DIRECTORY)) --remove "$(CODE_COVERAGE_OUTPUT_FILE).tmp" "/tmp/*" $(CODE_COVERAGE_IGNORE_PATTERN) --output-file "$(CODE_COVERAGE_OUTPUT_FILE)" $(CODE_COVERAGE_LCOV_SHOPTS) $(CODE_COVERAGE_LCOV_RMOPTS)
	-$(AM_V_at)$(MAKE) $(AM_MAKEFLAGS) -k check
	-$(LCOV) --directory $(top_builddir) -z
	-@rm -f $(CODE_COVERAGE_OUTPUT_FILE).tmp
	-find . -name "*.gcda" -o -name "*.gcov" -delete
	-rm -rf $(CODE_COVERAGE_OUTPUT_FILE) $(CODE_COVERAGE_OUTPUT_FILE).tmp $(CODE_COVERAGE_OUTPUT_DIRECTORY)
	@echo "Need to reconfigure with --enable-code-coverage"
	@echo "Need to reconfigure with --enable-code-coverage"
	@echo "file://$(abs_builddir)/$(CODE_COVERAGE_OUTPUT_DIRECTORY)/index.html"
 $(CODE_COVERAGE_IGNORE_PATTERN);
 $(CODE_COVERAGE_OUTPUT_FILE);
#
#
#    $(PACKAGE_NAME)-$(PACKAGE_VERSION)-coverage)
#    $(PACKAGE_NAME)-$(PACKAGE_VERSION)-coverage.info)
#    (Default: $(top_builddir))
#    (Default: empty)
#    Multiple directories may be specified, separated by whitespace.
#    by lcov for code coverage. (Default:
#    collecting lcov instance. (Default: $CODE_COVERAGE_LCOV_OPTIONS_GCOVPATH)
#    genhtml instance. (Default: based on $CODE_COVERAGE_BRANCH_COVERAGE)
#    instance. (Default: $CODE_COVERAGE_GENHTML_OPTIONS_DEFAULT)
#    instance. (Default: $CODE_COVERAGE_LCOV_OPTIONS_DEFAULT)
#    instance. (Default: $CODE_COVERAGE_LCOV_RMOPTS_DEFAULT)
#    instances. (Default: $CODE_COVERAGE_LCOV_SHOPTS_DEFAULT)
#    instances. (Default: based on $CODE_COVERAGE_BRANCH_COVERAGE)
#    lcov instance. (Default: empty)
#    reports to be created. (Default:
#    set to 0 to disable it and leave empty to stay with the default.
#  - CODE_COVERAGE_BRANCH_COVERAGE: Set to 1 to enforce branch coverage,
#  - CODE_COVERAGE_DIRECTORY: Top-level directory for code coverage reporting.
#  - CODE_COVERAGE_GENHTML_OPTIONS: Extra options to pass to the genhtml
#  - CODE_COVERAGE_GENHTML_OPTIONS_DEFAULT: Extra options to pass to the
#  - CODE_COVERAGE_IGNORE_PATTERN: Extra glob pattern of files to ignore
#  - CODE_COVERAGE_LCOV_OPTIONS: Extra options to pass to the collecting lcov
#  - CODE_COVERAGE_LCOV_OPTIONS_DEFAULT: Extra options to pass to the
#  - CODE_COVERAGE_LCOV_OPTIONS_GCOVPATH: --gcov-tool pathtogcov
#  - CODE_COVERAGE_LCOV_RMOPTS: Extra options to pass to the filtering lcov
#  - CODE_COVERAGE_LCOV_RMOPTS_DEFAULT: Extra options to pass to the filtering
#  - CODE_COVERAGE_LCOV_SHOPTS: Extra options to shared between both lcov
#  - CODE_COVERAGE_LCOV_SHOPTS_DEFAULT: Extra options shared between both lcov
#  - CODE_COVERAGE_OUTPUT_DIRECTORY: Directory for generated code coverage
#  - CODE_COVERAGE_OUTPUT_FILE: Filename and path for the .info file generated
# $(PACKAGE_VERSION). In order to add the current git hash to the title,
# Capture code coverage data
# Code coverage
# Hook rule executed before code-coverage-capture, overridable by the user
# Optional variables
# Optional:
# The generated report will be titled using the $(PACKAGE_NAME) and
# Use recursive makes in order to ignore errors during check
# sanitizes the test-name: replaces with underscores: dashes and dots
# use the git-version-gen script, available online.
$(if $(CODE_COVERAGE_BRANCH_COVERAGE),\
'
--rc genhtml_branch_coverage=$(CODE_COVERAGE_BRANCH_COVERAGE))
--rc lcov_branch_coverage=$(CODE_COVERAGE_BRANCH_COVERAGE))
.PHONY: check-code-coverage code-coverage-capture code-coverage-capture-hook code-coverage-clean
ACLOCAL='${SHELL} /home/callum/i3lock-color/missing aclocal-1.16'
AMDEPBACKSLASH='\'
AMDEP_FALSE='#'
AMDEP_TRUE=''
AMTAR='$${TAR-tar}'
AM_BACKSLASH='\'
AM_CFLAGS='-O2 -funroll-loops -pthread -Wunused-value'
AM_DEFAULT_V='$(AM_DEFAULT_VERBOSITY)'
AM_DEFAULT_VERBOSITY='0'
AM_DISTCHECK_CONFIGURE_FLAGS += --disable-code-coverage
AM_DISTCHECK_CONFIGURE_FLAGS ?=
AM_V='$(V)'
AR='ar'
AUTOCONF='${SHELL} /home/callum/i3lock-color/missing autoconf'
AUTOHEADER='${SHELL} /home/callum/i3lock-color/missing autoheader'
AUTOMAKE='${SHELL} /home/callum/i3lock-color/missing automake-1.16'
AWK='gawk'
AX_EXTEND_SRCDIR_CPPFLAGS='-DSTRIPPED__FILE__=\"$$(basename $<)\"'
CAIRO_CFLAGS='-I/usr/include/cairo -I/usr/include/glib-2.0 -I/usr/lib/x86_64-linux-gnu/glib-2.0/include -I/usr/include/pixman-1 -I/usr/include/uuid -I/usr/include/freetype2 -I/usr/include/libpng16'
CAIRO_LIBS='-lcairo'
CC='gcc'
CCDEPMODE='depmode=gcc3'
CFLAGS=' -Wall'
CODE_COVERAGE_BRANCH_COVERAGE ?=
CODE_COVERAGE_CFLAGS=''
CODE_COVERAGE_CPPFLAGS=''
CODE_COVERAGE_CXXFLAGS=''
CODE_COVERAGE_DIRECTORY ?= $(top_builddir)
CODE_COVERAGE_ENABLED='no'
CODE_COVERAGE_ENABLED_FALSE=''
CODE_COVERAGE_ENABLED_TRUE='#'
CODE_COVERAGE_GENHTML_OPTIONS ?= $(CODE_COVERAGE_GENHTML_OPTIONS_DEFAULTS)
CODE_COVERAGE_GENHTML_OPTIONS_DEFAULT ?=\
CODE_COVERAGE_IGNORE_PATTERN ?=
CODE_COVERAGE_LCOV_OPTIONS ?= $(CODE_COVERAGE_LCOV_OPTIONS_DEFAULT)
CODE_COVERAGE_LCOV_OPTIONS_DEFAULT ?= $(CODE_COVERAGE_LCOV_OPTIONS_GCOVPATH)
CODE_COVERAGE_LCOV_OPTIONS_GCOVPATH ?= --gcov-tool "$(GCOV)"
CODE_COVERAGE_LCOV_RMOPTS ?= $(CODE_COVERAGE_LCOV_RMOPTS_DEFAULT)
CODE_COVERAGE_LCOV_RMOPTS_DEFAULT ?=
CODE_COVERAGE_LCOV_SHOPTS ?= $(CODE_COVERAGE_LCOV_SHOPTS_DEFAULT)
CODE_COVERAGE_LCOV_SHOPTS_DEFAULT ?= $(if $(CODE_COVERAGE_BRANCH_COVERAGE),\
CODE_COVERAGE_LDFLAGS=''
CODE_COVERAGE_OUTPUT_DIRECTORY ?= $(PACKAGE_NAME)-$(PACKAGE_VERSION)-coverage
CODE_COVERAGE_OUTPUT_FILE ?= $(PACKAGE_NAME)-$(PACKAGE_VERSION)-coverage.info
CODE_COVERAGE_RULES='
CPP='gcc -E'
CPPFLAGS=''
CYGPATH_W='echo'
DEFS='-DHAVE_CONFIG_H'
DEPDIR='.deps'
ECHO_C=''
ECHO_N='-n'
ECHO_T=''
EGREP='/usr/bin/grep -E'
EXEEXT=''
FONTCONFIG_CFLAGS='-I/usr/include/uuid -I/usr/include/freetype2 -I/usr/include/libpng16'
FONTCONFIG_LIBS='-lfontconfig -lfreetype'
GCOV=''
GENHTML=''
GITIGNOREFILES += $(CODE_COVERAGE_OUTPUT_FILE) $(CODE_COVERAGE_OUTPUT_DIRECTORY)
GITIGNOREFILES ?=
GREP='/usr/bin/grep'
I3LOCK_VERSION='2.12.c.2 (2020-04-18)'
INSTALL_DATA='${INSTALL} -m 644'
INSTALL_PROGRAM='${INSTALL}'
INSTALL_SCRIPT='${INSTALL}'
INSTALL_STRIP_PROGRAM='$(install_sh) -c -s'
JPEG_CFLAGS=''
JPEG_LIBS='-L/build/libjpeg-turbo-ff4xqQ/libjpeg-turbo-2.0.3/obj-x86_64-linux-gnu/lib/x86_64-linux-gnu -ljpeg'
LCOV=''
LDFLAGS=''
LIBOBJS=''
LIBS='-lpam -lrt -lev -lm '
LN_S='ln -s'
LTLIBOBJS=''
MAINT=''
MAINTAINER_MODE_FALSE='#'
MAINTAINER_MODE_TRUE=''
MAKEINFO='${SHELL} /home/callum/i3lock-color/missing makeinfo'
MKDIR_P='/usr/bin/mkdir -p'
OBJEXT='o'
PACKAGE='i3lock-color'
PACKAGE_BUGREPORT='https://github.com/Raymo11/i3lock-color/issues'
PACKAGE_NAME='i3lock-color'
PACKAGE_STRING='i3lock-color 2.12.c.1'
PACKAGE_TARNAME='i3lock-color'
PACKAGE_URL=''
PACKAGE_VERSION='2.12.c.1'
PATH_SEPARATOR=':'
PKG_CONFIG='/usr/bin/pkg-config'
PKG_CONFIG_LIBDIR=''
PKG_CONFIG_PATH=''
RANLIB='ranlib'
SED='/usr/bin/sed'
SET_MAKE=''
SHELL='/bin/bash'
STRIP=''
VERSION='2.12.c.2'
XCB_CFLAGS=''
XCB_IMAGE_CFLAGS=''
XCB_IMAGE_LIBS='-lxcb-image -lxcb -lxcb-shm'
XCB_LIBS='-lxcb -lxcb-xkb -lxcb-xinerama -lxcb-randr -lxcb-composite'
XCB_UTIL_CFLAGS=''
XCB_UTIL_LIBS='-lxcb-util -lxcb'
XCB_UTIL_XRM_CFLAGS=''
XCB_UTIL_XRM_LIBS='-lxcb-xrm -lxcb'
XKBCOMMON_CFLAGS=''
XKBCOMMON_LIBS='-lxkbcommon-x11 -lxkbcommon'
ac_ct_AR='ar'
ac_ct_CC='gcc'
am__EXEEXT_FALSE=''
am__EXEEXT_TRUE='#'
am__fastdepCC_FALSE='#'
am__fastdepCC_TRUE=''
am__include='include'
am__isrc=' -I$(srcdir)'
am__leading_dot='.'
am__nodep='_no'
am__quote=''
am__tar='$${TAR-tar} chof - "$$tardir"'
am__untar='$${TAR-tar} xf -'
ax_enable_builddir_sed='sed'
bindir='${exec_prefix}/bin'
build='x86_64-pc-linux-gnu'
build_alias=''
build_cpu='x86_64'
build_os='linux-gnu'
build_vendor='pc'
check-code-coverage:
clean: code-coverage-clean
code-coverage-capture-hook:
code-coverage-capture: code-coverage-capture-hook
code-coverage-clean:
code_coverage_quiet = $(code_coverage_quiet_$(V))
code_coverage_quiet_ = $(code_coverage_quiet_$(AM_DEFAULT_VERBOSITY))
code_coverage_quiet_0 = --quiet
code_coverage_sanitize = $(subst -,_,$(subst .,_,$(1)))
code_coverage_v_genhtml = $(code_coverage_v_genhtml_$(V))
code_coverage_v_genhtml_ = $(code_coverage_v_genhtml_$(AM_DEFAULT_VERBOSITY))
code_coverage_v_genhtml_0 = @echo "  GEN   " $(CODE_COVERAGE_OUTPUT_DIRECTORY);
code_coverage_v_lcov_cap = $(code_coverage_v_lcov_cap_$(V))
code_coverage_v_lcov_cap_ = $(code_coverage_v_lcov_cap_$(AM_DEFAULT_VERBOSITY))
code_coverage_v_lcov_cap_0 = @echo "  LCOV   --capture"\
code_coverage_v_lcov_ign = $(code_coverage_v_lcov_ign_$(V))
code_coverage_v_lcov_ign_ = $(code_coverage_v_lcov_ign_$(AM_DEFAULT_VERBOSITY))
code_coverage_v_lcov_ign_0 = @echo "  LCOV   --remove /tmp/*"\
datadir='${datarootdir}'
datarootdir='${prefix}/share'
docdir='${datarootdir}/doc/${PACKAGE_TARNAME}'
dvidir='${docdir}'
else
else
endif
endif
endif
exec_prefix='${prefix}'
host='x86_64-pc-linux-gnu'
host_alias=''
host_cpu='x86_64'
host_os='linux-gnu'
host_vendor='pc'
htmldir='${docdir}'
ifGNUmake=''
ifeq ($(CODE_COVERAGE_ENABLED),yes)
ifeq ($(CODE_COVERAGE_ENABLED),yes)
ifeq ($(CODE_COVERAGE_ENABLED),yes)
includedir='${prefix}/include'
infodir='${datarootdir}/info'
install_sh='${SHELL} /home/callum/i3lock-color/install-sh'
libdir='${exec_prefix}/lib'
libexecdir='${exec_prefix}/libexec'
localedir='${datarootdir}/locale'
localstatedir='${prefix}/var'
mandir='${datarootdir}/man'
mkdir_p='$(MKDIR_P)'
oldincludedir='/usr/include'
pdfdir='${docdir}'
prefix='/usr'
program_transform_name='s,x,x,'
psdir='${docdir}'
runstatedir='${localstatedir}/run'
sbindir='${exec_prefix}/sbin'
sharedstatedir='${prefix}/com'
sysconfdir='/etc'
target='x86_64-pc-linux-gnu'
target_alias=''
target_cpu='x86_64'
target_os='linux-gnu'
target_vendor='pc'

## ----------- ##
## confdefs.h. ##
## ----------- ##

/* confdefs.h */
#define PACKAGE_NAME "i3lock-color"
#define PACKAGE_TARNAME "i3lock-color"
#define PACKAGE_VERSION "2.12.c.1"
#define PACKAGE_STRING "i3lock-color 2.12.c.1"
#define PACKAGE_BUGREPORT "https://github.com/Raymo11/i3lock-color/issues"
#define PACKAGE_URL ""
#define PACKAGE "i3lock-color"
#define VERSION "2.12.c.1"
#define I3LOCK_VERSION "2.12.c.2 (2020-04-18)"
#define UNUSED_NDEBUG /**/
#define STDC_HEADERS 1
#define HAVE_SYS_TYPES_H 1
#define HAVE_SYS_STAT_H 1
#define HAVE_STDLIB_H 1
#define HAVE_STRING_H 1
#define HAVE_MEMORY_H 1
#define HAVE_STRINGS_H 1
#define HAVE_INTTYPES_H 1
#define HAVE_STDINT_H 1
#define HAVE_UNISTD_H 1
#define __EXTENSIONS__ 1
#define _ALL_SOURCE 1
#define _GNU_SOURCE 1
#define _POSIX_PTHREAD_SEMANTICS 1
#define _TANDEM_SOURCE 1
#define HAVE__BOOL 1
#define HAVE_MODE_T 1
#define HAVE_OFF_T 1
#define HAVE_PID_T 1
#define HAVE_SIZE_T 1
#define HAVE_SSIZE_T 1
#define HAVE_FORK 1
#define HAVE_VFORK 1
#define HAVE_WORKING_VFORK 1
#define HAVE_WORKING_FORK 1
#define LSTAT_FOLLOWS_SLASHED_SYMLINK 1
#define HAVE_ATEXIT 1
#define HAVE_DUP2 1
#define HAVE_FTRUNCATE 1
#define HAVE_GETCWD 1
#define HAVE_GETTIMEOFDAY 1
#define HAVE_LOCALTIME_R 1
#define HAVE_MEMCHR 1
#define HAVE_MEMSET 1
#define HAVE_MKDIR 1
#define HAVE_RMDIR 1
#define HAVE_SETLOCALE 1
#define HAVE_SOCKET 1
#define HAVE_STRCASECMP 1
#define HAVE_STRCHR 1
#define HAVE_STRDUP 1
#define HAVE_STRERROR 1
#define HAVE_STRNCASECMP 1
#define HAVE_STRNDUP 1
#define HAVE_STRRCHR 1
#define HAVE_STRSPN 1
#define HAVE_STRSTR 1
#define HAVE_STRTOL 1
#define HAVE_STRTOUL 1
#define HAVE_FCNTL_H 1
#define HAVE_FLOAT_H 1
#define HAVE_INTTYPES_H 1
#define HAVE_LIMITS_H 1
#define HAVE_LOCALE_H 1
#define HAVE_NETINET_IN_H 1
#define HAVE_PATHS_H 1
#define HAVE_STDDEF_H 1
#define HAVE_STDINT_H 1
#define HAVE_STDLIB_H 1
#define HAVE_STRING_H 1
#define HAVE_SYS_PARAM_H 1
#define HAVE_SYS_SOCKET_H 1
#define HAVE_SYS_TIME_H 1
#define HAVE_UNISTD_H 1

configure: exit 0
